2017-04-01 14:04:55,125 [Dummy-1:12316] [django.db.backends:90] [utils:execute] [DEBUG]- (0.001) 
            SELECT name, type FROM sqlite_master
            WHERE type in ('table', 'view') AND NOT name='sqlite_sequence'
            ORDER BY name; args=None
2017-04-01 14:04:55,130 [Dummy-1:12316] [django.db.backends:90] [utils:execute] [DEBUG]- (0.000) SELECT "django_migrations"."app", "django_migrations"."name" FROM "django_migrations"; args=()
2017-04-01 14:05:27,391 [Thread-2:8628] [django.db.backends:90] [utils:execute] [DEBUG]- (0.002) SELECT COUNT(*) AS "__count" FROM "blog_article"; args=()
2017-04-01 14:05:27,417 [Thread-2:8628] [django.db.backends:90] [utils:execute] [DEBUG]- (0.000) SELECT "blog_article"."date_publish" FROM "blog_article" ORDER BY "blog_article"."date_publish" DESC; args=()
2017-04-01 14:05:27,419 [Thread-2:8628] [django.db.backends:90] [utils:execute] [DEBUG]- (0.000) 
			select article_id from blog_comment 
			group by article_id 
			order by count(article_id) 
			desc
		; args=None
2017-04-01 14:05:27,441 [Thread-2:8628] [django.db.backends:90] [utils:execute] [DEBUG]- (0.000) SELECT "blog_category"."id", "blog_category"."name", "blog_category"."index" FROM "blog_category" ORDER BY "blog_category"."index" ASC, "blog_category"."id" ASC; args=()
2017-04-01 14:05:27,449 [Thread-2:8628] [django.db.backends:90] [utils:execute] [DEBUG]- (0.001) SELECT "blog_ad"."id", "blog_ad"."title", "blog_ad"."description", "blog_ad"."image_url", "blog_ad"."callback_url", "blog_ad"."date_publish", "blog_ad"."index" FROM "blog_ad" ORDER BY "blog_ad"."index" ASC, "blog_ad"."id" ASC LIMIT 5; args=()
2017-04-01 14:05:27,463 [Thread-2:8628] [django.db.backends:90] [utils:execute] [DEBUG]- (0.001) SELECT "blog_article"."id", "blog_article"."title", "blog_article"."desc", "blog_article"."content", "blog_article"."click_count", "blog_article"."is_recommend", "blog_article"."date_publish", "blog_article"."user_id", "blog_article"."category_id" FROM "blog_article" ORDER BY "blog_article"."click_count" ASC LIMIT 6; args=()
2017-04-01 14:05:27,466 [Thread-2:8628] [django.db.backends:90] [utils:execute] [DEBUG]- (0.000) SELECT "blog_article"."id", "blog_article"."title", "blog_article"."desc", "blog_article"."content", "blog_article"."click_count", "blog_article"."is_recommend", "blog_article"."date_publish", "blog_article"."user_id", "blog_article"."category_id" FROM "blog_article" WHERE "blog_article"."is_recommend" = 1 ORDER BY "blog_article"."date_publish" DESC; args=(True,)
2017-04-01 14:05:27,468 [Thread-2:8628] [django.db.backends:90] [utils:execute] [DEBUG]- (0.000) SELECT "blog_tag"."id", "blog_tag"."name" FROM "blog_tag" ORDER BY "blog_tag"."id" ASC; args=()
2017-04-01 14:05:27,470 [Thread-2:8628] [django.db.backends:90] [utils:execute] [DEBUG]- (0.000) SELECT "blog_links"."id", "blog_links"."title", "blog_links"."description", "blog_links"."callback_url", "blog_links"."date_publish", "blog_links"."index" FROM "blog_links" ORDER BY "blog_links"."index" ASC, "blog_links"."id" ASC; args=()
2017-04-01 14:05:27,474 [Thread-2:8628] [django.server:131] [basehttp:log_message] [INFO]- "GET / HTTP/1.1" 200 4167
2017-04-01 14:05:27,578 [Thread-3:15592] [django.template:929] [base:_resolve_lookup] [DEBUG]- Exception while resolving variable 'name' in template 'unknown'.
Traceback (most recent call last):
  File "C:\Users\Joker\AppData\Local\Programs\Python\Python35\lib\site-packages\django\core\handlers\exception.py", line 42, in inner
    response = get_response(request)
  File "C:\Users\Joker\AppData\Local\Programs\Python\Python35\lib\site-packages\django\core\handlers\base.py", line 249, in _legacy_get_response
    response = self._get_response(request)
  File "C:\Users\Joker\AppData\Local\Programs\Python\Python35\lib\site-packages\django\core\handlers\base.py", line 172, in _get_response
    resolver_match = resolver.resolve(request.path_info)
  File "C:\Users\Joker\AppData\Local\Programs\Python\Python35\lib\site-packages\django\urls\resolvers.py", line 300, in resolve
    raise Resolver404({'tried': tried, 'path': new_path})
django.urls.exceptions.Resolver404: {'tried': [[<RegexURLResolver <RegexURLPattern list> (admin:admin) ^admin/>], [<RegexURLPattern upload_image ^admin/upload/(?P<dir_name>[^/]+)$>], [<RegexURLResolver <module 'blog.urls' from 'C:\\Users\\Joker\\PycharmProjects\\blog_project\\blog\\urls.py'> (None:None) ^>, <RegexURLPattern index ^$>], [<RegexURLResolver <module 'blog.urls' from 'C:\\Users\\Joker\\PycharmProjects\\blog_project\\blog\\urls.py'> (None:None) ^>, <RegexURLPattern archive ^archive/>], [<RegexURLResolver <module 'blog.urls' from 'C:\\Users\\Joker\\PycharmProjects\\blog_project\\blog\\urls.py'> (None:None) ^>, <RegexURLPattern article ^article/$>], [<RegexURLResolver <module 'blog.urls' from 'C:\\Users\\Joker\\PycharmProjects\\blog_project\\blog\\urls.py'> (None:None) ^>, <RegexURLPattern comment_post ^comment/post/$>], [<RegexURLResolver <module 'blog.urls' from 'C:\\Users\\Joker\\PycharmProjects\\blog_project\\blog\\urls.py'> (None:None) ^>, <RegexURLPattern tag ^tag/>], [<RegexURLResolver <module 'blog.urls' from 'C:\\Users\\Joker\\PycharmProjects\\blog_project\\blog\\urls.py'> (None:None) ^>, <RegexURLPattern category ^category/$>], [<RegexURLResolver <module 'blog.urls' from 'C:\\Users\\Joker\\PycharmProjects\\blog_project\\blog\\urls.py'> (None:None) ^>, <RegexURLPattern logout ^logout$>], [<RegexURLResolver <module 'blog.urls' from 'C:\\Users\\Joker\\PycharmProjects\\blog_project\\blog\\urls.py'> (None:None) ^>, <RegexURLPattern login ^login$>], [<RegexURLResolver <module 'blog.urls' from 'C:\\Users\\Joker\\PycharmProjects\\blog_project\\blog\\urls.py'> (None:None) ^>, <RegexURLPattern reg ^reg$>]], 'path': 'js/nav.js'}

During handling of the above exception, another exception occurred:

Traceback (most recent call last):
  File "C:\Users\Joker\AppData\Local\Programs\Python\Python35\lib\site-packages\django\template\base.py", line 885, in _resolve_lookup
    current = current[bit]
TypeError: 'RegexURLResolver' object is not subscriptable

During handling of the above exception, another exception occurred:

Traceback (most recent call last):
  File "C:\Users\Joker\AppData\Local\Programs\Python\Python35\lib\site-packages\django\template\base.py", line 893, in _resolve_lookup
    current = getattr(current, bit)
AttributeError: 'RegexURLResolver' object has no attribute 'name'

During handling of the above exception, another exception occurred:

Traceback (most recent call last):
  File "C:\Users\Joker\AppData\Local\Programs\Python\Python35\lib\site-packages\django\template\base.py", line 900, in _resolve_lookup
    current = current[int(bit)]
ValueError: invalid literal for int() with base 10: 'name'

During handling of the above exception, another exception occurred:

Traceback (most recent call last):
  File "C:\Users\Joker\AppData\Local\Programs\Python\Python35\lib\site-packages\django\template\base.py", line 907, in _resolve_lookup
    (bit, current))  # missing attribute
django.template.base.VariableDoesNotExist: Failed lookup for key [name] in '<RegexURLResolver <RegexURLPattern list> (admin:admin) ^admin/>'
2017-04-01 14:05:27,702 [Thread-3:15592] [django.server:131] [basehttp:log_message] [WARNING]- "GET /js/nav.js HTTP/1.1" 404 3638
2017-04-01 14:05:29,392 [Thread-4:14712] [django.db.backends:90] [utils:execute] [DEBUG]- (0.001) SELECT COUNT(*) AS "__count" FROM "blog_article"; args=()
2017-04-01 14:05:29,401 [Thread-4:14712] [django.db.backends:90] [utils:execute] [DEBUG]- (0.001) SELECT "blog_article"."date_publish" FROM "blog_article" ORDER BY "blog_article"."date_publish" DESC; args=()
2017-04-01 14:05:29,402 [Thread-4:14712] [django.db.backends:90] [utils:execute] [DEBUG]- (0.000) 
			select article_id from blog_comment 
			group by article_id 
			order by count(article_id) 
			desc
		; args=None
2017-04-01 14:05:29,410 [Thread-4:14712] [django.db.backends:90] [utils:execute] [DEBUG]- (0.001) SELECT "blog_category"."id", "blog_category"."name", "blog_category"."index" FROM "blog_category" ORDER BY "blog_category"."index" ASC, "blog_category"."id" ASC; args=()
2017-04-01 14:05:29,415 [Thread-4:14712] [django.db.backends:90] [utils:execute] [DEBUG]- (0.000) SELECT "blog_ad"."id", "blog_ad"."title", "blog_ad"."description", "blog_ad"."image_url", "blog_ad"."callback_url", "blog_ad"."date_publish", "blog_ad"."index" FROM "blog_ad" ORDER BY "blog_ad"."index" ASC, "blog_ad"."id" ASC LIMIT 5; args=()
2017-04-01 14:05:29,445 [Thread-4:14712] [django.db.backends:90] [utils:execute] [DEBUG]- (0.000) SELECT "blog_article"."id", "blog_article"."title", "blog_article"."desc", "blog_article"."content", "blog_article"."click_count", "blog_article"."is_recommend", "blog_article"."date_publish", "blog_article"."user_id", "blog_article"."category_id" FROM "blog_article" ORDER BY "blog_article"."click_count" ASC LIMIT 6; args=()
2017-04-01 14:05:29,452 [Thread-4:14712] [django.db.backends:90] [utils:execute] [DEBUG]- (0.000) SELECT "blog_article"."id", "blog_article"."title", "blog_article"."desc", "blog_article"."content", "blog_article"."click_count", "blog_article"."is_recommend", "blog_article"."date_publish", "blog_article"."user_id", "blog_article"."category_id" FROM "blog_article" WHERE "blog_article"."is_recommend" = 1 ORDER BY "blog_article"."date_publish" DESC; args=(True,)
2017-04-01 14:05:29,454 [Thread-4:14712] [django.db.backends:90] [utils:execute] [DEBUG]- (0.000) SELECT "blog_tag"."id", "blog_tag"."name" FROM "blog_tag" ORDER BY "blog_tag"."id" ASC; args=()
2017-04-01 14:05:29,455 [Thread-4:14712] [django.db.backends:90] [utils:execute] [DEBUG]- (0.000) SELECT "blog_links"."id", "blog_links"."title", "blog_links"."description", "blog_links"."callback_url", "blog_links"."date_publish", "blog_links"."index" FROM "blog_links" ORDER BY "blog_links"."index" ASC, "blog_links"."id" ASC; args=()
2017-04-01 14:05:29,457 [Thread-4:14712] [django.server:131] [basehttp:log_message] [INFO]- "GET / HTTP/1.1" 200 4167
2017-04-01 14:05:29,505 [Thread-5:15108] [django.template:929] [base:_resolve_lookup] [DEBUG]- Exception while resolving variable 'name' in template 'unknown'.
Traceback (most recent call last):
  File "C:\Users\Joker\AppData\Local\Programs\Python\Python35\lib\site-packages\django\core\handlers\exception.py", line 42, in inner
    response = get_response(request)
  File "C:\Users\Joker\AppData\Local\Programs\Python\Python35\lib\site-packages\django\core\handlers\base.py", line 249, in _legacy_get_response
    response = self._get_response(request)
  File "C:\Users\Joker\AppData\Local\Programs\Python\Python35\lib\site-packages\django\core\handlers\base.py", line 172, in _get_response
    resolver_match = resolver.resolve(request.path_info)
  File "C:\Users\Joker\AppData\Local\Programs\Python\Python35\lib\site-packages\django\urls\resolvers.py", line 300, in resolve
    raise Resolver404({'tried': tried, 'path': new_path})
django.urls.exceptions.Resolver404: {'tried': [[<RegexURLResolver <RegexURLPattern list> (admin:admin) ^admin/>], [<RegexURLPattern upload_image ^admin/upload/(?P<dir_name>[^/]+)$>], [<RegexURLResolver <module 'blog.urls' from 'C:\\Users\\Joker\\PycharmProjects\\blog_project\\blog\\urls.py'> (None:None) ^>, <RegexURLPattern index ^$>], [<RegexURLResolver <module 'blog.urls' from 'C:\\Users\\Joker\\PycharmProjects\\blog_project\\blog\\urls.py'> (None:None) ^>, <RegexURLPattern archive ^archive/>], [<RegexURLResolver <module 'blog.urls' from 'C:\\Users\\Joker\\PycharmProjects\\blog_project\\blog\\urls.py'> (None:None) ^>, <RegexURLPattern article ^article/$>], [<RegexURLResolver <module 'blog.urls' from 'C:\\Users\\Joker\\PycharmProjects\\blog_project\\blog\\urls.py'> (None:None) ^>, <RegexURLPattern comment_post ^comment/post/$>], [<RegexURLResolver <module 'blog.urls' from 'C:\\Users\\Joker\\PycharmProjects\\blog_project\\blog\\urls.py'> (None:None) ^>, <RegexURLPattern tag ^tag/>], [<RegexURLResolver <module 'blog.urls' from 'C:\\Users\\Joker\\PycharmProjects\\blog_project\\blog\\urls.py'> (None:None) ^>, <RegexURLPattern category ^category/$>], [<RegexURLResolver <module 'blog.urls' from 'C:\\Users\\Joker\\PycharmProjects\\blog_project\\blog\\urls.py'> (None:None) ^>, <RegexURLPattern logout ^logout$>], [<RegexURLResolver <module 'blog.urls' from 'C:\\Users\\Joker\\PycharmProjects\\blog_project\\blog\\urls.py'> (None:None) ^>, <RegexURLPattern login ^login$>], [<RegexURLResolver <module 'blog.urls' from 'C:\\Users\\Joker\\PycharmProjects\\blog_project\\blog\\urls.py'> (None:None) ^>, <RegexURLPattern reg ^reg$>]], 'path': 'js/nav.js'}

During handling of the above exception, another exception occurred:

Traceback (most recent call last):
  File "C:\Users\Joker\AppData\Local\Programs\Python\Python35\lib\site-packages\django\template\base.py", line 885, in _resolve_lookup
    current = current[bit]
TypeError: 'RegexURLResolver' object is not subscriptable

During handling of the above exception, another exception occurred:

Traceback (most recent call last):
  File "C:\Users\Joker\AppData\Local\Programs\Python\Python35\lib\site-packages\django\template\base.py", line 893, in _resolve_lookup
    current = getattr(current, bit)
AttributeError: 'RegexURLResolver' object has no attribute 'name'

During handling of the above exception, another exception occurred:

Traceback (most recent call last):
  File "C:\Users\Joker\AppData\Local\Programs\Python\Python35\lib\site-packages\django\template\base.py", line 900, in _resolve_lookup
    current = current[int(bit)]
ValueError: invalid literal for int() with base 10: 'name'

During handling of the above exception, another exception occurred:

Traceback (most recent call last):
  File "C:\Users\Joker\AppData\Local\Programs\Python\Python35\lib\site-packages\django\template\base.py", line 907, in _resolve_lookup
    (bit, current))  # missing attribute
django.template.base.VariableDoesNotExist: Failed lookup for key [name] in '<RegexURLResolver <RegexURLPattern list> (admin:admin) ^admin/>'
2017-04-01 14:05:29,548 [Thread-5:15108] [django.server:131] [basehttp:log_message] [WARNING]- "GET /js/nav.js HTTP/1.1" 404 3638
2017-04-01 14:05:29,626 [Thread-6:15584] [django.template:929] [base:_resolve_lookup] [DEBUG]- Exception while resolving variable 'name' in template 'unknown'.
Traceback (most recent call last):
  File "C:\Users\Joker\AppData\Local\Programs\Python\Python35\lib\site-packages\django\core\handlers\exception.py", line 42, in inner
    response = get_response(request)
  File "C:\Users\Joker\AppData\Local\Programs\Python\Python35\lib\site-packages\django\core\handlers\base.py", line 249, in _legacy_get_response
    response = self._get_response(request)
  File "C:\Users\Joker\AppData\Local\Programs\Python\Python35\lib\site-packages\django\core\handlers\base.py", line 172, in _get_response
    resolver_match = resolver.resolve(request.path_info)
  File "C:\Users\Joker\AppData\Local\Programs\Python\Python35\lib\site-packages\django\urls\resolvers.py", line 300, in resolve
    raise Resolver404({'tried': tried, 'path': new_path})
django.urls.exceptions.Resolver404: {'tried': [[<RegexURLResolver <RegexURLPattern list> (admin:admin) ^admin/>], [<RegexURLPattern upload_image ^admin/upload/(?P<dir_name>[^/]+)$>], [<RegexURLResolver <module 'blog.urls' from 'C:\\Users\\Joker\\PycharmProjects\\blog_project\\blog\\urls.py'> (None:None) ^>, <RegexURLPattern index ^$>], [<RegexURLResolver <module 'blog.urls' from 'C:\\Users\\Joker\\PycharmProjects\\blog_project\\blog\\urls.py'> (None:None) ^>, <RegexURLPattern archive ^archive/>], [<RegexURLResolver <module 'blog.urls' from 'C:\\Users\\Joker\\PycharmProjects\\blog_project\\blog\\urls.py'> (None:None) ^>, <RegexURLPattern article ^article/$>], [<RegexURLResolver <module 'blog.urls' from 'C:\\Users\\Joker\\PycharmProjects\\blog_project\\blog\\urls.py'> (None:None) ^>, <RegexURLPattern comment_post ^comment/post/$>], [<RegexURLResolver <module 'blog.urls' from 'C:\\Users\\Joker\\PycharmProjects\\blog_project\\blog\\urls.py'> (None:None) ^>, <RegexURLPattern tag ^tag/>], [<RegexURLResolver <module 'blog.urls' from 'C:\\Users\\Joker\\PycharmProjects\\blog_project\\blog\\urls.py'> (None:None) ^>, <RegexURLPattern category ^category/$>], [<RegexURLResolver <module 'blog.urls' from 'C:\\Users\\Joker\\PycharmProjects\\blog_project\\blog\\urls.py'> (None:None) ^>, <RegexURLPattern logout ^logout$>], [<RegexURLResolver <module 'blog.urls' from 'C:\\Users\\Joker\\PycharmProjects\\blog_project\\blog\\urls.py'> (None:None) ^>, <RegexURLPattern login ^login$>], [<RegexURLResolver <module 'blog.urls' from 'C:\\Users\\Joker\\PycharmProjects\\blog_project\\blog\\urls.py'> (None:None) ^>, <RegexURLPattern reg ^reg$>]], 'path': 'js/nav.js'}

During handling of the above exception, another exception occurred:

Traceback (most recent call last):
  File "C:\Users\Joker\AppData\Local\Programs\Python\Python35\lib\site-packages\django\template\base.py", line 885, in _resolve_lookup
    current = current[bit]
TypeError: 'RegexURLResolver' object is not subscriptable

During handling of the above exception, another exception occurred:

Traceback (most recent call last):
  File "C:\Users\Joker\AppData\Local\Programs\Python\Python35\lib\site-packages\django\template\base.py", line 893, in _resolve_lookup
    current = getattr(current, bit)
AttributeError: 'RegexURLResolver' object has no attribute 'name'

During handling of the above exception, another exception occurred:

Traceback (most recent call last):
  File "C:\Users\Joker\AppData\Local\Programs\Python\Python35\lib\site-packages\django\template\base.py", line 900, in _resolve_lookup
    current = current[int(bit)]
ValueError: invalid literal for int() with base 10: 'name'

During handling of the above exception, another exception occurred:

Traceback (most recent call last):
  File "C:\Users\Joker\AppData\Local\Programs\Python\Python35\lib\site-packages\django\template\base.py", line 907, in _resolve_lookup
    (bit, current))  # missing attribute
django.template.base.VariableDoesNotExist: Failed lookup for key [name] in '<RegexURLResolver <RegexURLPattern list> (admin:admin) ^admin/>'
2017-04-01 14:05:29,650 [Thread-6:15584] [django.server:131] [basehttp:log_message] [WARNING]- "GET /js/nav.js HTTP/1.1" 404 3638
2017-04-01 14:18:33,149 [Dummy-1:14908] [django.db.backends:90] [utils:execute] [DEBUG]- (0.001) 
            SELECT name, type FROM sqlite_master
            WHERE type in ('table', 'view') AND NOT name='sqlite_sequence'
            ORDER BY name; args=None
2017-04-01 14:18:33,154 [Dummy-1:14908] [django.db.backends:90] [utils:execute] [DEBUG]- (0.000) SELECT "django_migrations"."app", "django_migrations"."name" FROM "django_migrations"; args=()
2017-04-01 14:19:05,447 [Thread-2:16076] [django.db.backends:90] [utils:execute] [DEBUG]- (0.002) SELECT COUNT(*) AS "__count" FROM "blog_article"; args=()
2017-04-01 14:19:05,465 [Thread-2:16076] [django.db.backends:90] [utils:execute] [DEBUG]- (0.000) SELECT "blog_article"."date_publish" FROM "blog_article" ORDER BY "blog_article"."date_publish" DESC; args=()
2017-04-01 14:19:05,467 [Thread-2:16076] [django.db.backends:90] [utils:execute] [DEBUG]- (0.001) 
			select article_id from blog_comment 
			group by article_id 
			order by count(article_id) 
			desc
		; args=None
2017-04-01 14:19:05,483 [Thread-2:16076] [django.db.backends:90] [utils:execute] [DEBUG]- (0.000) SELECT "blog_category"."id", "blog_category"."name", "blog_category"."index" FROM "blog_category" ORDER BY "blog_category"."index" ASC, "blog_category"."id" ASC; args=()
2017-04-01 14:19:05,487 [Thread-2:16076] [django.db.backends:90] [utils:execute] [DEBUG]- (0.000) SELECT "blog_ad"."id", "blog_ad"."title", "blog_ad"."description", "blog_ad"."image_url", "blog_ad"."callback_url", "blog_ad"."date_publish", "blog_ad"."index" FROM "blog_ad" ORDER BY "blog_ad"."index" ASC, "blog_ad"."id" ASC LIMIT 5; args=()
2017-04-01 14:19:05,496 [Thread-2:16076] [django.db.backends:90] [utils:execute] [DEBUG]- (0.000) SELECT "blog_article"."id", "blog_article"."title", "blog_article"."desc", "blog_article"."content", "blog_article"."click_count", "blog_article"."is_recommend", "blog_article"."date_publish", "blog_article"."user_id", "blog_article"."category_id" FROM "blog_article" ORDER BY "blog_article"."click_count" ASC LIMIT 6; args=()
2017-04-01 14:19:05,500 [Thread-2:16076] [django.db.backends:90] [utils:execute] [DEBUG]- (0.000) SELECT "blog_article"."id", "blog_article"."title", "blog_article"."desc", "blog_article"."content", "blog_article"."click_count", "blog_article"."is_recommend", "blog_article"."date_publish", "blog_article"."user_id", "blog_article"."category_id" FROM "blog_article" WHERE "blog_article"."is_recommend" = 1 ORDER BY "blog_article"."date_publish" DESC; args=(True,)
2017-04-01 14:19:05,502 [Thread-2:16076] [django.db.backends:90] [utils:execute] [DEBUG]- (0.000) SELECT "blog_tag"."id", "blog_tag"."name" FROM "blog_tag" ORDER BY "blog_tag"."id" ASC; args=()
2017-04-01 14:19:05,505 [Thread-2:16076] [django.db.backends:90] [utils:execute] [DEBUG]- (0.001) SELECT "blog_links"."id", "blog_links"."title", "blog_links"."description", "blog_links"."callback_url", "blog_links"."date_publish", "blog_links"."index" FROM "blog_links" ORDER BY "blog_links"."index" ASC, "blog_links"."id" ASC; args=()
2017-04-01 14:19:05,508 [Thread-2:16076] [django.server:131] [basehttp:log_message] [INFO]- "GET / HTTP/1.1" 200 4167
2017-04-01 14:19:05,555 [Thread-3:14024] [django.template:929] [base:_resolve_lookup] [DEBUG]- Exception while resolving variable 'name' in template 'unknown'.
Traceback (most recent call last):
  File "C:\Users\Joker\AppData\Local\Programs\Python\Python35\lib\site-packages\django\core\handlers\exception.py", line 42, in inner
    response = get_response(request)
  File "C:\Users\Joker\AppData\Local\Programs\Python\Python35\lib\site-packages\django\core\handlers\base.py", line 249, in _legacy_get_response
    response = self._get_response(request)
  File "C:\Users\Joker\AppData\Local\Programs\Python\Python35\lib\site-packages\django\core\handlers\base.py", line 172, in _get_response
    resolver_match = resolver.resolve(request.path_info)
  File "C:\Users\Joker\AppData\Local\Programs\Python\Python35\lib\site-packages\django\urls\resolvers.py", line 300, in resolve
    raise Resolver404({'tried': tried, 'path': new_path})
django.urls.exceptions.Resolver404: {'path': 'js/nav.js', 'tried': [[<RegexURLResolver <RegexURLPattern list> (admin:admin) ^admin/>], [<RegexURLPattern upload_image ^admin/upload/(?P<dir_name>[^/]+)$>], [<RegexURLResolver <module 'blog.urls' from 'C:\\Users\\Joker\\PycharmProjects\\blog_project\\blog\\urls.py'> (None:None) ^>, <RegexURLPattern index ^$>], [<RegexURLResolver <module 'blog.urls' from 'C:\\Users\\Joker\\PycharmProjects\\blog_project\\blog\\urls.py'> (None:None) ^>, <RegexURLPattern archive ^archive/>], [<RegexURLResolver <module 'blog.urls' from 'C:\\Users\\Joker\\PycharmProjects\\blog_project\\blog\\urls.py'> (None:None) ^>, <RegexURLPattern article ^article/$>], [<RegexURLResolver <module 'blog.urls' from 'C:\\Users\\Joker\\PycharmProjects\\blog_project\\blog\\urls.py'> (None:None) ^>, <RegexURLPattern comment_post ^comment/post/$>], [<RegexURLResolver <module 'blog.urls' from 'C:\\Users\\Joker\\PycharmProjects\\blog_project\\blog\\urls.py'> (None:None) ^>, <RegexURLPattern tag ^tag/>], [<RegexURLResolver <module 'blog.urls' from 'C:\\Users\\Joker\\PycharmProjects\\blog_project\\blog\\urls.py'> (None:None) ^>, <RegexURLPattern category ^category/$>], [<RegexURLResolver <module 'blog.urls' from 'C:\\Users\\Joker\\PycharmProjects\\blog_project\\blog\\urls.py'> (None:None) ^>, <RegexURLPattern logout ^logout$>], [<RegexURLResolver <module 'blog.urls' from 'C:\\Users\\Joker\\PycharmProjects\\blog_project\\blog\\urls.py'> (None:None) ^>, <RegexURLPattern login ^login$>], [<RegexURLResolver <module 'blog.urls' from 'C:\\Users\\Joker\\PycharmProjects\\blog_project\\blog\\urls.py'> (None:None) ^>, <RegexURLPattern reg ^reg$>]]}

During handling of the above exception, another exception occurred:

Traceback (most recent call last):
  File "C:\Users\Joker\AppData\Local\Programs\Python\Python35\lib\site-packages\django\template\base.py", line 885, in _resolve_lookup
    current = current[bit]
TypeError: 'RegexURLResolver' object is not subscriptable

During handling of the above exception, another exception occurred:

Traceback (most recent call last):
  File "C:\Users\Joker\AppData\Local\Programs\Python\Python35\lib\site-packages\django\template\base.py", line 893, in _resolve_lookup
    current = getattr(current, bit)
AttributeError: 'RegexURLResolver' object has no attribute 'name'

During handling of the above exception, another exception occurred:

Traceback (most recent call last):
  File "C:\Users\Joker\AppData\Local\Programs\Python\Python35\lib\site-packages\django\template\base.py", line 900, in _resolve_lookup
    current = current[int(bit)]
ValueError: invalid literal for int() with base 10: 'name'

During handling of the above exception, another exception occurred:

Traceback (most recent call last):
  File "C:\Users\Joker\AppData\Local\Programs\Python\Python35\lib\site-packages\django\template\base.py", line 907, in _resolve_lookup
    (bit, current))  # missing attribute
django.template.base.VariableDoesNotExist: Failed lookup for key [name] in '<RegexURLResolver <RegexURLPattern list> (admin:admin) ^admin/>'
2017-04-01 14:19:05,577 [Thread-3:14024] [django.server:131] [basehttp:log_message] [WARNING]- "GET /js/nav.js HTTP/1.1" 404 3638
2017-04-01 14:21:39,189 [Dummy-1:14604] [django.db.backends:90] [utils:execute] [DEBUG]- (0.001) 
            SELECT name, type FROM sqlite_master
            WHERE type in ('table', 'view') AND NOT name='sqlite_sequence'
            ORDER BY name; args=None
2017-04-01 14:21:39,195 [Dummy-1:14604] [django.db.backends:90] [utils:execute] [DEBUG]- (0.000) SELECT "django_migrations"."app", "django_migrations"."name" FROM "django_migrations"; args=()
2017-04-01 14:22:46,693 [Thread-2:15648] [django.db.backends:90] [utils:execute] [DEBUG]- (0.001) SELECT "django_session"."session_key", "django_session"."session_data", "django_session"."expire_date" FROM "django_session" WHERE ("django_session"."session_key" = 'xqcbzi0hsjc843woz4abl0mth5kkwyog' AND "django_session"."expire_date" > '2017-04-01 06:22:46.685774'); args=('xqcbzi0hsjc843woz4abl0mth5kkwyog', '2017-04-01 06:22:46.685774')
2017-04-01 14:22:46,695 [Thread-2:15648] [django.db.backends:90] [utils:execute] [DEBUG]- (0.000) SELECT "blog_user"."id", "blog_user"."password", "blog_user"."last_login", "blog_user"."is_superuser", "blog_user"."username", "blog_user"."first_name", "blog_user"."last_name", "blog_user"."email", "blog_user"."is_staff", "blog_user"."is_active", "blog_user"."date_joined", "blog_user"."avatar", "blog_user"."qq", "blog_user"."mobile", "blog_user"."url" FROM "blog_user" WHERE "blog_user"."id" = 1; args=(1,)
2017-04-01 14:22:46,794 [Thread-2:15648] [django.db.backends:90] [utils:execute] [DEBUG]- (0.000) SELECT "blog_article"."date_publish" FROM "blog_article" ORDER BY "blog_article"."date_publish" DESC; args=()
2017-04-01 14:22:46,796 [Thread-2:15648] [django.db.backends:90] [utils:execute] [DEBUG]- (0.000) 
			select article_id from blog_comment 
			group by article_id 
			order by count(article_id) 
			desc
		; args=None
2017-04-01 14:22:46,810 [Thread-2:15648] [django.db.backends:90] [utils:execute] [DEBUG]- (0.000) SELECT "blog_tag"."id", "blog_tag"."name" FROM "blog_tag" ORDER BY "blog_tag"."id" ASC LIMIT 21; args=()
2017-04-01 14:22:46,813 [Thread-2:15648] [django.db.backends:90] [utils:execute] [DEBUG]- (0.001) SELECT "blog_category"."id", "blog_category"."name", "blog_category"."index" FROM "blog_category" ORDER BY "blog_category"."index" ASC, "blog_category"."id" ASC LIMIT 21; args=()
2017-04-01 14:22:46,817 [Thread-2:15648] [django.db.backends:90] [utils:execute] [DEBUG]- (0.000) SELECT "blog_article"."id", "blog_article"."title", "blog_article"."desc", "blog_article"."content", "blog_article"."click_count", "blog_article"."is_recommend", "blog_article"."date_publish", "blog_article"."user_id", "blog_article"."category_id" FROM "blog_article" ORDER BY "blog_article"."date_publish" DESC LIMIT 21; args=()
2017-04-01 14:22:46,819 [Thread-2:15648] [django.db.backends:90] [utils:execute] [DEBUG]- (0.000) SELECT "blog_article"."id", "blog_article"."title", "blog_article"."desc", "blog_article"."content", "blog_article"."click_count", "blog_article"."is_recommend", "blog_article"."date_publish", "blog_article"."user_id", "blog_article"."category_id" FROM "blog_article" WHERE "blog_article"."is_recommend" = 1 ORDER BY "blog_article"."date_publish" DESC LIMIT 21; args=(True,)
2017-04-01 14:22:46,822 [Thread-2:15648] [django.db.backends:90] [utils:execute] [DEBUG]- (0.000) SELECT "blog_links"."id", "blog_links"."title", "blog_links"."description", "blog_links"."callback_url", "blog_links"."date_publish", "blog_links"."index" FROM "blog_links" ORDER BY "blog_links"."index" ASC, "blog_links"."id" ASC LIMIT 21; args=()
2017-04-01 14:22:46,824 [Thread-2:15648] [django.db.backends:90] [utils:execute] [DEBUG]- (0.000) SELECT "blog_article"."id", "blog_article"."title", "blog_article"."desc", "blog_article"."content", "blog_article"."click_count", "blog_article"."is_recommend", "blog_article"."date_publish", "blog_article"."user_id", "blog_article"."category_id" FROM "blog_article" ORDER BY "blog_article"."click_count" ASC LIMIT 6; args=()
2017-04-01 14:22:46,825 [Thread-2:15648] [django.db.backends:90] [utils:execute] [DEBUG]- (0.000) SELECT "blog_ad"."id", "blog_ad"."title", "blog_ad"."description", "blog_ad"."image_url", "blog_ad"."callback_url", "blog_ad"."date_publish", "blog_ad"."index" FROM "blog_ad" ORDER BY "blog_ad"."index" ASC, "blog_ad"."id" ASC LIMIT 5; args=()
2017-04-01 14:22:46,808 [Thread-2:15648] [django.template:929] [base:_resolve_lookup] [DEBUG]- Exception while resolving variable 'is_popup' in template 'admin/index.html'.
Traceback (most recent call last):
  File "C:\Users\Joker\AppData\Local\Programs\Python\Python35\lib\site-packages\django\template\base.py", line 885, in _resolve_lookup
    current = current[bit]
  File "C:\Users\Joker\AppData\Local\Programs\Python\Python35\lib\site-packages\django\template\context.py", line 75, in __getitem__
    raise KeyError(key)
KeyError: 'is_popup'

During handling of the above exception, another exception occurred:

Traceback (most recent call last):
  File "C:\Users\Joker\AppData\Local\Programs\Python\Python35\lib\site-packages\django\template\base.py", line 891, in _resolve_lookup
    if isinstance(current, BaseContext) and getattr(type(current), bit):
AttributeError: type object 'RequestContext' has no attribute 'is_popup'

During handling of the above exception, another exception occurred:

Traceback (most recent call last):
  File "C:\Users\Joker\AppData\Local\Programs\Python\Python35\lib\site-packages\django\template\base.py", line 900, in _resolve_lookup
    current = current[int(bit)]
ValueError: invalid literal for int() with base 10: 'is_popup'

During handling of the above exception, another exception occurred:

Traceback (most recent call last):
  File "C:\Users\Joker\AppData\Local\Programs\Python\Python35\lib\site-packages\django\template\base.py", line 907, in _resolve_lookup
    (bit, current))  # missing attribute
django.template.base.VariableDoesNotExist: Failed lookup for key [is_popup] in "[{'True': True, 'False': False, 'None': None}, {'request': <WSGIRequest: GET '/admin/'>, 'DEFAULT_MESSAGE_LEVELS': {'SUCCESS': 25, 'INFO': 20, 'ERROR': 40, 'WARNING': 30, 'DEBUG': 10}, 'tag_list': <QuerySet []>, 'category_list': <QuerySet []>, 'perms': <django.contrib.auth.context_processors.PermWrapper object at 0x0000000004ACDB38>, 'SITE_DESC': '专注Python开发，欢迎和大家交流', 'user': <SimpleLazyObject: <User: admin>>, 'csrf_token': <SimpleLazyObject: <function csrf.<locals>._get_val at 0x00000000049A8D08>>, 'SITE_URL': 'http://localhost:8000/', 'SITE_NAME': '礁石的个人博客', 'article_list': <QuerySet []>, 'recommend_article_list': <QuerySet []>, 'messages': <django.contrib.messages.storage.fallback.FallbackStorage object at 0x0000000004651908>, 'comment_article_list': [], 'link_list': <QuerySet []>, 'click_article_list': <QuerySet []>, 'result_list': [], 'archive_list': [], 'ad_list': <QuerySet []>}, {}, {'site_title': <django.utils.functional.lazy.<locals>.__proxy__ object at 0x00000000040B7B38>, 'has_permission': True, 'site_header': <django.utils.functional.lazy.<locals>.__proxy__ object at 0x00000000040B7BE0>, 'title': <django.utils.functional.lazy.<locals>.__proxy__ object at 0x00000000040C0E10>, 'available_apps': [{'app_label': 'auth', 'has_module_perms': True, 'name': <django.utils.functional.lazy.<locals>.__proxy__ object at 0x00000000040C0F28>, 'models': [{'admin_url': '/admin/auth/group/', 'add_url': '/admin/auth/group/add/', 'object_name': 'Group', 'name': <django.utils.functional.lazy.<locals>.__proxy__ object at 0x00000000049D1DA0>, 'perms': {'add': True, 'delete': True, 'change': True}}], 'app_url': '/admin/auth/'}, {'app_label': 'blog', 'has_module_perms': True, 'name': 'Blog', 'models': [{'admin_url': '/admin/blog/category/', 'add_url': '/admin/blog/category/add/', 'object_name': 'Category', 'name': '分类', 'perms': {'add': True, 'delete': True, 'change': True}}, {'admin_url': '/admin/blog/links/', 'add_url': '/admin/blog/links/add/', 'object_name': 'Links', 'name': '友情链接', 'perms': {'add': True, 'delete': True, 'change': True}}, {'admin_url': '/admin/blog/ad/', 'add_url': '/admin/blog/ad/add/', 'object_name': 'Ad', 'name': '广告', 'perms': {'add': True, 'delete': True, 'change': True}}, {'admin_url': '/admin/blog/article/', 'add_url': '/admin/blog/article/add/', 'object_name': 'Article', 'name': '文章', 'perms': {'add': True, 'delete': True, 'change': True}}, {'admin_url': '/admin/blog/tag/', 'add_url': '/admin/blog/tag/add/', 'object_name': 'Tag', 'name': '标签', 'perms': {'add': True, 'delete': True, 'change': True}}, {'admin_url': '/admin/blog/user/', 'add_url': '/admin/blog/user/add/', 'object_name': 'User', 'name': '用户', 'perms': {'add': True, 'delete': True, 'change': True}}, {'admin_url': '/admin/blog/comment/', 'add_url': '/admin/blog/comment/add/', 'object_name': 'Comment', 'name': '评论', 'perms': {'add': True, 'delete': True, 'change': True}}], 'app_url': '/admin/blog/'}], 'LANGUAGE_BIDI': False, 'app_list': [{'app_label': 'auth', 'has_module_perms': True, 'name': <django.utils.functional.lazy.<locals>.__proxy__ object at 0x00000000040C0F28>, 'models': [{'admin_url': '/admin/auth/group/', 'add_url': '/admin/auth/group/add/', 'object_name': 'Group', 'name': <django.utils.functional.lazy.<locals>.__proxy__ object at 0x00000000049B5C50>, 'perms': {'add': True, 'delete': True, 'change': True}}], 'app_url': '/admin/auth/'}, {'app_label': 'blog', 'has_module_perms': True, 'name': 'Blog', 'models': [{'admin_url': '/admin/blog/category/', 'add_url': '/admin/blog/category/add/', 'object_name': 'Category', 'name': '分类', 'perms': {'add': True, 'delete': True, 'change': True}}, {'admin_url': '/admin/blog/links/', 'add_url': '/admin/blog/links/add/', 'object_name': 'Links', 'name': '友情链接', 'perms': {'add': True, 'delete': True, 'change': True}}, {'admin_url': '/admin/blog/ad/', 'add_url': '/admin/blog/ad/add/', 'object_name': 'Ad', 'name': '广告', 'perms': {'add': True, 'delete': True, 'change': True}}, {'admin_url': '/admin/blog/article/', 'add_url': '/admin/blog/article/add/', 'object_name': 'Article', 'name': '文章', 'perms': {'add': True, 'delete': True, 'change': True}}, {'admin_url': '/admin/blog/tag/', 'add_url': '/admin/blog/tag/add/', 'object_name': 'Tag', 'name': '标签', 'perms': {'add': True, 'delete': True, 'change': True}}, {'admin_url': '/admin/blog/user/', 'add_url': '/admin/blog/user/add/', 'object_name': 'User', 'name': '用户', 'perms': {'add': True, 'delete': True, 'change': True}}, {'admin_url': '/admin/blog/comment/', 'add_url': '/admin/blog/comment/add/', 'object_name': 'Comment', 'name': '评论', 'perms': {'add': True, 'delete': True, 'change': True}}], 'app_url': '/admin/blog/'}], 'LANGUAGE_CODE': 'en-us', 'site_url': '/'}]"
2017-04-01 14:22:46,874 [Thread-2:15648] [django.db.backends:90] [utils:execute] [DEBUG]- (0.000) SELECT "blog_tag"."id", "blog_tag"."name" FROM "blog_tag" ORDER BY "blog_tag"."id" ASC LIMIT 21; args=()
2017-04-01 14:22:46,875 [Thread-2:15648] [django.db.backends:90] [utils:execute] [DEBUG]- (0.000) SELECT "blog_category"."id", "blog_category"."name", "blog_category"."index" FROM "blog_category" ORDER BY "blog_category"."index" ASC, "blog_category"."id" ASC LIMIT 21; args=()
2017-04-01 14:22:46,876 [Thread-2:15648] [django.db.backends:90] [utils:execute] [DEBUG]- (0.000) SELECT "blog_article"."id", "blog_article"."title", "blog_article"."desc", "blog_article"."content", "blog_article"."click_count", "blog_article"."is_recommend", "blog_article"."date_publish", "blog_article"."user_id", "blog_article"."category_id" FROM "blog_article" ORDER BY "blog_article"."date_publish" DESC LIMIT 21; args=()
2017-04-01 14:22:46,877 [Thread-2:15648] [django.db.backends:90] [utils:execute] [DEBUG]- (0.000) SELECT "blog_article"."id", "blog_article"."title", "blog_article"."desc", "blog_article"."content", "blog_article"."click_count", "blog_article"."is_recommend", "blog_article"."date_publish", "blog_article"."user_id", "blog_article"."category_id" FROM "blog_article" WHERE "blog_article"."is_recommend" = 1 ORDER BY "blog_article"."date_publish" DESC LIMIT 21; args=(True,)
2017-04-01 14:22:46,882 [Thread-2:15648] [django.db.backends:90] [utils:execute] [DEBUG]- (0.001) SELECT "blog_links"."id", "blog_links"."title", "blog_links"."description", "blog_links"."callback_url", "blog_links"."date_publish", "blog_links"."index" FROM "blog_links" ORDER BY "blog_links"."index" ASC, "blog_links"."id" ASC LIMIT 21; args=()
2017-04-01 14:22:46,884 [Thread-2:15648] [django.db.backends:90] [utils:execute] [DEBUG]- (0.000) SELECT "blog_article"."id", "blog_article"."title", "blog_article"."desc", "blog_article"."content", "blog_article"."click_count", "blog_article"."is_recommend", "blog_article"."date_publish", "blog_article"."user_id", "blog_article"."category_id" FROM "blog_article" ORDER BY "blog_article"."click_count" ASC LIMIT 6; args=()
2017-04-01 14:22:46,885 [Thread-2:15648] [django.db.backends:90] [utils:execute] [DEBUG]- (0.000) SELECT "blog_ad"."id", "blog_ad"."title", "blog_ad"."description", "blog_ad"."image_url", "blog_ad"."callback_url", "blog_ad"."date_publish", "blog_ad"."index" FROM "blog_ad" ORDER BY "blog_ad"."index" ASC, "blog_ad"."id" ASC LIMIT 5; args=()
2017-04-01 14:22:46,873 [Thread-2:15648] [django.template:929] [base:_resolve_lookup] [DEBUG]- Exception while resolving variable 'is_popup' in template 'admin/index.html'.
Traceback (most recent call last):
  File "C:\Users\Joker\AppData\Local\Programs\Python\Python35\lib\site-packages\django\template\base.py", line 885, in _resolve_lookup
    current = current[bit]
  File "C:\Users\Joker\AppData\Local\Programs\Python\Python35\lib\site-packages\django\template\context.py", line 75, in __getitem__
    raise KeyError(key)
KeyError: 'is_popup'

During handling of the above exception, another exception occurred:

Traceback (most recent call last):
  File "C:\Users\Joker\AppData\Local\Programs\Python\Python35\lib\site-packages\django\template\base.py", line 891, in _resolve_lookup
    if isinstance(current, BaseContext) and getattr(type(current), bit):
AttributeError: type object 'RequestContext' has no attribute 'is_popup'

During handling of the above exception, another exception occurred:

Traceback (most recent call last):
  File "C:\Users\Joker\AppData\Local\Programs\Python\Python35\lib\site-packages\django\template\base.py", line 900, in _resolve_lookup
    current = current[int(bit)]
ValueError: invalid literal for int() with base 10: 'is_popup'

During handling of the above exception, another exception occurred:

Traceback (most recent call last):
  File "C:\Users\Joker\AppData\Local\Programs\Python\Python35\lib\site-packages\django\template\base.py", line 907, in _resolve_lookup
    (bit, current))  # missing attribute
django.template.base.VariableDoesNotExist: Failed lookup for key [is_popup] in "[{'True': True, 'False': False, 'None': None}, {'request': <WSGIRequest: GET '/admin/'>, 'DEFAULT_MESSAGE_LEVELS': {'SUCCESS': 25, 'INFO': 20, 'ERROR': 40, 'WARNING': 30, 'DEBUG': 10}, 'tag_list': <QuerySet []>, 'category_list': <QuerySet []>, 'perms': <django.contrib.auth.context_processors.PermWrapper object at 0x0000000004ACDB38>, 'SITE_DESC': '专注Python开发，欢迎和大家交流', 'user': <SimpleLazyObject: <User: admin>>, 'csrf_token': <SimpleLazyObject: <function csrf.<locals>._get_val at 0x00000000049A8D08>>, 'SITE_URL': 'http://localhost:8000/', 'SITE_NAME': '礁石的个人博客', 'article_list': <QuerySet []>, 'recommend_article_list': <QuerySet []>, 'messages': <django.contrib.messages.storage.fallback.FallbackStorage object at 0x0000000004651908>, 'comment_article_list': [], 'link_list': <QuerySet []>, 'click_article_list': <QuerySet []>, 'result_list': [], 'archive_list': [], 'ad_list': <QuerySet []>}, {}, {'site_title': <django.utils.functional.lazy.<locals>.__proxy__ object at 0x00000000040B7B38>, 'has_permission': True, 'site_header': <django.utils.functional.lazy.<locals>.__proxy__ object at 0x00000000040B7BE0>, 'title': <django.utils.functional.lazy.<locals>.__proxy__ object at 0x00000000040C0E10>, 'available_apps': [{'app_label': 'auth', 'has_module_perms': True, 'name': <django.utils.functional.lazy.<locals>.__proxy__ object at 0x00000000040C0F28>, 'models': [{'admin_url': '/admin/auth/group/', 'add_url': '/admin/auth/group/add/', 'object_name': 'Group', 'name': <django.utils.functional.lazy.<locals>.__proxy__ object at 0x00000000049D1DA0>, 'perms': {'add': True, 'delete': True, 'change': True}}], 'app_url': '/admin/auth/'}, {'app_label': 'blog', 'has_module_perms': True, 'name': 'Blog', 'models': [{'admin_url': '/admin/blog/category/', 'add_url': '/admin/blog/category/add/', 'object_name': 'Category', 'name': '分类', 'perms': {'add': True, 'delete': True, 'change': True}}, {'admin_url': '/admin/blog/links/', 'add_url': '/admin/blog/links/add/', 'object_name': 'Links', 'name': '友情链接', 'perms': {'add': True, 'delete': True, 'change': True}}, {'admin_url': '/admin/blog/ad/', 'add_url': '/admin/blog/ad/add/', 'object_name': 'Ad', 'name': '广告', 'perms': {'add': True, 'delete': True, 'change': True}}, {'admin_url': '/admin/blog/article/', 'add_url': '/admin/blog/article/add/', 'object_name': 'Article', 'name': '文章', 'perms': {'add': True, 'delete': True, 'change': True}}, {'admin_url': '/admin/blog/tag/', 'add_url': '/admin/blog/tag/add/', 'object_name': 'Tag', 'name': '标签', 'perms': {'add': True, 'delete': True, 'change': True}}, {'admin_url': '/admin/blog/user/', 'add_url': '/admin/blog/user/add/', 'object_name': 'User', 'name': '用户', 'perms': {'add': True, 'delete': True, 'change': True}}, {'admin_url': '/admin/blog/comment/', 'add_url': '/admin/blog/comment/add/', 'object_name': 'Comment', 'name': '评论', 'perms': {'add': True, 'delete': True, 'change': True}}], 'app_url': '/admin/blog/'}], 'LANGUAGE_BIDI': False, 'app_list': [{'app_label': 'auth', 'has_module_perms': True, 'name': <django.utils.functional.lazy.<locals>.__proxy__ object at 0x00000000040C0F28>, 'models': [{'admin_url': '/admin/auth/group/', 'add_url': '/admin/auth/group/add/', 'object_name': 'Group', 'name': <django.utils.functional.lazy.<locals>.__proxy__ object at 0x00000000049B5C50>, 'perms': {'add': True, 'delete': True, 'change': True}}], 'app_url': '/admin/auth/'}, {'app_label': 'blog', 'has_module_perms': True, 'name': 'Blog', 'models': [{'admin_url': '/admin/blog/category/', 'add_url': '/admin/blog/category/add/', 'object_name': 'Category', 'name': '分类', 'perms': {'add': True, 'delete': True, 'change': True}}, {'admin_url': '/admin/blog/links/', 'add_url': '/admin/blog/links/add/', 'object_name': 'Links', 'name': '友情链接', 'perms': {'add': True, 'delete': True, 'change': True}}, {'admin_url': '/admin/blog/ad/', 'add_url': '/admin/blog/ad/add/', 'object_name': 'Ad', 'name': '广告', 'perms': {'add': True, 'delete': True, 'change': True}}, {'admin_url': '/admin/blog/article/', 'add_url': '/admin/blog/article/add/', 'object_name': 'Article', 'name': '文章', 'perms': {'add': True, 'delete': True, 'change': True}}, {'admin_url': '/admin/blog/tag/', 'add_url': '/admin/blog/tag/add/', 'object_name': 'Tag', 'name': '标签', 'perms': {'add': True, 'delete': True, 'change': True}}, {'admin_url': '/admin/blog/user/', 'add_url': '/admin/blog/user/add/', 'object_name': 'User', 'name': '用户', 'perms': {'add': True, 'delete': True, 'change': True}}, {'admin_url': '/admin/blog/comment/', 'add_url': '/admin/blog/comment/add/', 'object_name': 'Comment', 'name': '评论', 'perms': {'add': True, 'delete': True, 'change': True}}], 'app_url': '/admin/blog/'}], 'LANGUAGE_CODE': 'en-us', 'site_url': '/'}]"
2017-04-01 14:22:46,895 [Thread-2:15648] [django.db.backends:90] [utils:execute] [DEBUG]- (0.000) SELECT "django_admin_log"."id", "django_admin_log"."action_time", "django_admin_log"."user_id", "django_admin_log"."content_type_id", "django_admin_log"."object_id", "django_admin_log"."object_repr", "django_admin_log"."action_flag", "django_admin_log"."change_message", "blog_user"."id", "blog_user"."password", "blog_user"."last_login", "blog_user"."is_superuser", "blog_user"."username", "blog_user"."first_name", "blog_user"."last_name", "blog_user"."email", "blog_user"."is_staff", "blog_user"."is_active", "blog_user"."date_joined", "blog_user"."avatar", "blog_user"."qq", "blog_user"."mobile", "blog_user"."url", "django_content_type"."id", "django_content_type"."app_label", "django_content_type"."model" FROM "django_admin_log" INNER JOIN "blog_user" ON ("django_admin_log"."user_id" = "blog_user"."id") LEFT OUTER JOIN "django_content_type" ON ("django_admin_log"."content_type_id" = "django_content_type"."id") WHERE "django_admin_log"."user_id" = 1 ORDER BY "django_admin_log"."action_time" DESC LIMIT 10; args=(1,)
2017-04-01 14:22:46,898 [Thread-2:15648] [django.server:131] [basehttp:log_message] [INFO]- "GET /admin/ HTTP/1.1" 200 5356
2017-04-01 14:22:49,309 [Thread-3:16116] [django.db.backends:90] [utils:execute] [DEBUG]- (0.001) SELECT "django_session"."session_key", "django_session"."session_data", "django_session"."expire_date" FROM "django_session" WHERE ("django_session"."session_key" = 'xqcbzi0hsjc843woz4abl0mth5kkwyog' AND "django_session"."expire_date" > '2017-04-01 06:22:49.302924'); args=('xqcbzi0hsjc843woz4abl0mth5kkwyog', '2017-04-01 06:22:49.302924')
2017-04-01 14:22:49,314 [Thread-3:16116] [django.db.backends:90] [utils:execute] [DEBUG]- (0.003) SELECT "blog_user"."id", "blog_user"."password", "blog_user"."last_login", "blog_user"."is_superuser", "blog_user"."username", "blog_user"."first_name", "blog_user"."last_name", "blog_user"."email", "blog_user"."is_staff", "blog_user"."is_active", "blog_user"."date_joined", "blog_user"."avatar", "blog_user"."qq", "blog_user"."mobile", "blog_user"."url" FROM "blog_user" WHERE "blog_user"."id" = 1; args=(1,)
2017-04-01 14:22:49,318 [Thread-3:16116] [django.db.backends:90] [utils:execute] [DEBUG]- (0.001) SELECT COUNT(*) AS "__count" FROM "blog_user"; args=()
2017-04-01 14:22:49,319 [Thread-3:16116] [django.db.backends:90] [utils:execute] [DEBUG]- (0.000) SELECT COUNT(*) AS "__count" FROM "blog_user"; args=()
2017-04-01 14:22:49,323 [Thread-3:16116] [django.db.backends:90] [utils:execute] [DEBUG]- (0.001) SELECT "blog_user"."id", "blog_user"."password", "blog_user"."last_login", "blog_user"."is_superuser", "blog_user"."username", "blog_user"."first_name", "blog_user"."last_name", "blog_user"."email", "blog_user"."is_staff", "blog_user"."is_active", "blog_user"."date_joined", "blog_user"."avatar", "blog_user"."qq", "blog_user"."mobile", "blog_user"."url" FROM "blog_user" ORDER BY "blog_user"."id" DESC; args=()
2017-04-01 14:22:49,333 [Thread-3:16116] [django.db.backends:90] [utils:execute] [DEBUG]- (0.001) SELECT "blog_article"."date_publish" FROM "blog_article" ORDER BY "blog_article"."date_publish" DESC; args=()
2017-04-01 14:22:49,333 [Thread-3:16116] [django.db.backends:90] [utils:execute] [DEBUG]- (0.000) 
			select article_id from blog_comment 
			group by article_id 
			order by count(article_id) 
			desc
		; args=None
2017-04-01 14:22:49,345 [Thread-3:16116] [django.template:929] [base:_resolve_lookup] [DEBUG]- Exception while resolving variable 'errors' in template 'admin/change_list.html'.
Traceback (most recent call last):
  File "C:\Users\Joker\AppData\Local\Programs\Python\Python35\lib\site-packages\django\template\base.py", line 885, in _resolve_lookup
    current = current[bit]
TypeError: 'NoneType' object is not subscriptable

During handling of the above exception, another exception occurred:

Traceback (most recent call last):
  File "C:\Users\Joker\AppData\Local\Programs\Python\Python35\lib\site-packages\django\template\base.py", line 893, in _resolve_lookup
    current = getattr(current, bit)
AttributeError: 'NoneType' object has no attribute 'errors'

During handling of the above exception, another exception occurred:

Traceback (most recent call last):
  File "C:\Users\Joker\AppData\Local\Programs\Python\Python35\lib\site-packages\django\template\base.py", line 900, in _resolve_lookup
    current = current[int(bit)]
ValueError: invalid literal for int() with base 10: 'errors'

During handling of the above exception, another exception occurred:

Traceback (most recent call last):
  File "C:\Users\Joker\AppData\Local\Programs\Python\Python35\lib\site-packages\django\template\base.py", line 907, in _resolve_lookup
    (bit, current))  # missing attribute
django.template.base.VariableDoesNotExist: Failed lookup for key [errors] in 'None'
2017-04-01 14:22:49,352 [Thread-3:16116] [django.template:929] [base:_resolve_lookup] [DEBUG]- Exception while resolving variable 'show' in template 'admin/change_list.html'.
Traceback (most recent call last):
  File "C:\Users\Joker\AppData\Local\Programs\Python\Python35\lib\site-packages\django\template\base.py", line 885, in _resolve_lookup
    current = current[bit]
  File "C:\Users\Joker\AppData\Local\Programs\Python\Python35\lib\site-packages\django\template\context.py", line 75, in __getitem__
    raise KeyError(key)
KeyError: 'show'

During handling of the above exception, another exception occurred:

Traceback (most recent call last):
  File "C:\Users\Joker\AppData\Local\Programs\Python\Python35\lib\site-packages\django\template\base.py", line 891, in _resolve_lookup
    if isinstance(current, BaseContext) and getattr(type(current), bit):
AttributeError: type object 'RequestContext' has no attribute 'show'

During handling of the above exception, another exception occurred:

Traceback (most recent call last):
  File "C:\Users\Joker\AppData\Local\Programs\Python\Python35\lib\site-packages\django\template\base.py", line 900, in _resolve_lookup
    current = current[int(bit)]
ValueError: invalid literal for int() with base 10: 'show'

During handling of the above exception, another exception occurred:

Traceback (most recent call last):
  File "C:\Users\Joker\AppData\Local\Programs\Python\Python35\lib\site-packages\django\template\base.py", line 907, in _resolve_lookup
    (bit, current))  # missing attribute
django.template.base.VariableDoesNotExist: Failed lookup for key [show] in "[{'True': True, 'False': False, 'None': None, 'csrf_token': <SimpleLazyObject: <function csrf.<locals>._get_val at 0x0000000004954840>>}]"
2017-04-01 14:22:49,353 [Thread-3:16116] [django.template:929] [base:_resolve_lookup] [DEBUG]- Exception while resolving variable 'is_multipart' in template 'admin/change_list.html'.
Traceback (most recent call last):
  File "C:\Users\Joker\AppData\Local\Programs\Python\Python35\lib\site-packages\django\template\base.py", line 885, in _resolve_lookup
    current = current[bit]
TypeError: 'NoneType' object is not subscriptable

During handling of the above exception, another exception occurred:

Traceback (most recent call last):
  File "C:\Users\Joker\AppData\Local\Programs\Python\Python35\lib\site-packages\django\template\base.py", line 893, in _resolve_lookup
    current = getattr(current, bit)
AttributeError: 'NoneType' object has no attribute 'is_multipart'

During handling of the above exception, another exception occurred:

Traceback (most recent call last):
  File "C:\Users\Joker\AppData\Local\Programs\Python\Python35\lib\site-packages\django\template\base.py", line 900, in _resolve_lookup
    current = current[int(bit)]
ValueError: invalid literal for int() with base 10: 'is_multipart'

During handling of the above exception, another exception occurred:

Traceback (most recent call last):
  File "C:\Users\Joker\AppData\Local\Programs\Python\Python35\lib\site-packages\django\template\base.py", line 907, in _resolve_lookup
    (bit, current))  # missing attribute
django.template.base.VariableDoesNotExist: Failed lookup for key [is_multipart] in 'None'
2017-04-01 14:22:49,363 [Thread-3:16116] [django.template:929] [base:_resolve_lookup] [DEBUG]- Exception while resolving variable 'non_field_errors' in template 'admin/change_list.html'.
Traceback (most recent call last):
  File "C:\Users\Joker\AppData\Local\Programs\Python\Python35\lib\site-packages\django\template\base.py", line 885, in _resolve_lookup
    current = current[bit]
TypeError: 'NoneType' object is not subscriptable

During handling of the above exception, another exception occurred:

Traceback (most recent call last):
  File "C:\Users\Joker\AppData\Local\Programs\Python\Python35\lib\site-packages\django\template\base.py", line 893, in _resolve_lookup
    current = getattr(current, bit)
AttributeError: 'NoneType' object has no attribute 'non_field_errors'

During handling of the above exception, another exception occurred:

Traceback (most recent call last):
  File "C:\Users\Joker\AppData\Local\Programs\Python\Python35\lib\site-packages\django\template\base.py", line 900, in _resolve_lookup
    current = current[int(bit)]
ValueError: invalid literal for int() with base 10: 'non_field_errors'

During handling of the above exception, another exception occurred:

Traceback (most recent call last):
  File "C:\Users\Joker\AppData\Local\Programs\Python\Python35\lib\site-packages\django\template\base.py", line 907, in _resolve_lookup
    (bit, current))  # missing attribute
django.template.base.VariableDoesNotExist: Failed lookup for key [non_field_errors] in 'None'
2017-04-01 14:22:49,367 [Thread-3:16116] [django.server:131] [basehttp:log_message] [INFO]- "GET /admin/blog/user/ HTTP/1.1" 200 4161
2017-04-01 14:22:49,399 [Thread-4:16060] [django.db.backends:90] [utils:execute] [DEBUG]- (0.002) SELECT "django_session"."session_key", "django_session"."session_data", "django_session"."expire_date" FROM "django_session" WHERE ("django_session"."session_key" = 'xqcbzi0hsjc843woz4abl0mth5kkwyog' AND "django_session"."expire_date" > '2017-04-01 06:22:49.391929'); args=('xqcbzi0hsjc843woz4abl0mth5kkwyog', '2017-04-01 06:22:49.391929')
2017-04-01 14:22:49,401 [Thread-4:16060] [django.db.backends:90] [utils:execute] [DEBUG]- (0.001) SELECT "blog_user"."id", "blog_user"."password", "blog_user"."last_login", "blog_user"."is_superuser", "blog_user"."username", "blog_user"."first_name", "blog_user"."last_name", "blog_user"."email", "blog_user"."is_staff", "blog_user"."is_active", "blog_user"."date_joined", "blog_user"."avatar", "blog_user"."qq", "blog_user"."mobile", "blog_user"."url" FROM "blog_user" WHERE "blog_user"."id" = 1; args=(1,)
2017-04-01 14:22:49,404 [Thread-4:16060] [django.server:131] [basehttp:log_message] [INFO]- "GET /admin/jsi18n/ HTTP/1.1" 200 3189
2017-04-01 14:22:52,371 [Thread-5:15724] [django.db.backends:90] [utils:execute] [DEBUG]- (0.001) SELECT "django_session"."session_key", "django_session"."session_data", "django_session"."expire_date" FROM "django_session" WHERE ("django_session"."session_key" = 'xqcbzi0hsjc843woz4abl0mth5kkwyog' AND "django_session"."expire_date" > '2017-04-01 06:22:52.365099'); args=('xqcbzi0hsjc843woz4abl0mth5kkwyog', '2017-04-01 06:22:52.365099')
2017-04-01 14:22:52,373 [Thread-5:15724] [django.db.backends:90] [utils:execute] [DEBUG]- (0.000) SELECT "blog_user"."id", "blog_user"."password", "blog_user"."last_login", "blog_user"."is_superuser", "blog_user"."username", "blog_user"."first_name", "blog_user"."last_name", "blog_user"."email", "blog_user"."is_staff", "blog_user"."is_active", "blog_user"."date_joined", "blog_user"."avatar", "blog_user"."qq", "blog_user"."mobile", "blog_user"."url" FROM "blog_user" WHERE "blog_user"."id" = 1; args=(1,)
2017-04-01 14:22:52,374 [Thread-5:15724] [django.db.backends:90] [utils:execute] [DEBUG]- (0.000) BEGIN; args=None
2017-04-01 14:22:52,391 [Thread-5:15724] [django.db.backends:90] [utils:execute] [DEBUG]- (0.000) SELECT "django_content_type"."id", "django_content_type"."app_label", "django_content_type"."model" FROM "django_content_type" WHERE ("django_content_type"."app_label" = 'blog' AND "django_content_type"."model" = 'user'); args=('blog', 'user')
2017-04-01 14:22:52,400 [Thread-5:15724] [django.db.backends:90] [utils:execute] [DEBUG]- (0.000) SELECT "blog_article"."date_publish" FROM "blog_article" ORDER BY "blog_article"."date_publish" DESC; args=()
2017-04-01 14:22:52,401 [Thread-5:15724] [django.db.backends:90] [utils:execute] [DEBUG]- (0.000) 
			select article_id from blog_comment 
			group by article_id 
			order by count(article_id) 
			desc
		; args=None
2017-04-01 14:22:52,423 [Thread-5:15724] [django.db.backends:90] [utils:execute] [DEBUG]- (0.000) SELECT "auth_group"."id", "auth_group"."name" FROM "auth_group" ORDER BY "auth_group"."name" ASC; args=()
2017-04-01 14:22:52,426 [Thread-5:15724] [django.template:929] [base:_resolve_lookup] [DEBUG]- Exception while resolving variable 'can_change_related' in template 'admin/related_widget_wrapper.html'.
Traceback (most recent call last):
  File "C:\Users\Joker\AppData\Local\Programs\Python\Python35\lib\site-packages\django\template\base.py", line 885, in _resolve_lookup
    current = current[bit]
  File "C:\Users\Joker\AppData\Local\Programs\Python\Python35\lib\site-packages\django\template\context.py", line 75, in __getitem__
    raise KeyError(key)
KeyError: 'can_change_related'

During handling of the above exception, another exception occurred:

Traceback (most recent call last):
  File "C:\Users\Joker\AppData\Local\Programs\Python\Python35\lib\site-packages\django\template\base.py", line 891, in _resolve_lookup
    if isinstance(current, BaseContext) and getattr(type(current), bit):
AttributeError: type object 'Context' has no attribute 'can_change_related'

During handling of the above exception, another exception occurred:

Traceback (most recent call last):
  File "C:\Users\Joker\AppData\Local\Programs\Python\Python35\lib\site-packages\django\template\base.py", line 900, in _resolve_lookup
    current = current[int(bit)]
ValueError: invalid literal for int() with base 10: 'can_change_related'

During handling of the above exception, another exception occurred:

Traceback (most recent call last):
  File "C:\Users\Joker\AppData\Local\Programs\Python\Python35\lib\site-packages\django\template\base.py", line 907, in _resolve_lookup
    (bit, current))  # missing attribute
django.template.base.VariableDoesNotExist: Failed lookup for key [can_change_related] in '[{\'True\': True, \'False\': False, \'None\': None}, {\'add_related_url\': \'/admin/auth/group/add/\', \'can_add_related\': True, \'model\': <django.utils.functional.lazy.<locals>.__proxy__ object at 0x00000000041CAD30>, \'widget\': \'<select multiple="multiple" id="id_groups" name="groups">\\n</select>\', \'url_params\': \'_to_field=id&_popup=1\', \'name\': \'groups\'}, {\'block\': <Block Node: links. Contents: [<TextNode: \'\\n        \'>, <IfNode>, <TextNode: \'\\n        \'>, <IfNode>, <TextNode: \'\\n        \'>, <IfNode>, <TextNode: \'\\n    \'>]>}]'
2017-04-01 14:22:52,428 [Thread-5:15724] [django.template:929] [base:_resolve_lookup] [DEBUG]- Exception while resolving variable 'can_delete_related' in template 'admin/related_widget_wrapper.html'.
Traceback (most recent call last):
  File "C:\Users\Joker\AppData\Local\Programs\Python\Python35\lib\site-packages\django\template\base.py", line 885, in _resolve_lookup
    current = current[bit]
  File "C:\Users\Joker\AppData\Local\Programs\Python\Python35\lib\site-packages\django\template\context.py", line 75, in __getitem__
    raise KeyError(key)
KeyError: 'can_delete_related'

During handling of the above exception, another exception occurred:

Traceback (most recent call last):
  File "C:\Users\Joker\AppData\Local\Programs\Python\Python35\lib\site-packages\django\template\base.py", line 891, in _resolve_lookup
    if isinstance(current, BaseContext) and getattr(type(current), bit):
AttributeError: type object 'Context' has no attribute 'can_delete_related'

During handling of the above exception, another exception occurred:

Traceback (most recent call last):
  File "C:\Users\Joker\AppData\Local\Programs\Python\Python35\lib\site-packages\django\template\base.py", line 900, in _resolve_lookup
    current = current[int(bit)]
ValueError: invalid literal for int() with base 10: 'can_delete_related'

During handling of the above exception, another exception occurred:

Traceback (most recent call last):
  File "C:\Users\Joker\AppData\Local\Programs\Python\Python35\lib\site-packages\django\template\base.py", line 907, in _resolve_lookup
    (bit, current))  # missing attribute
django.template.base.VariableDoesNotExist: Failed lookup for key [can_delete_related] in '[{\'True\': True, \'False\': False, \'None\': None}, {\'add_related_url\': \'/admin/auth/group/add/\', \'can_add_related\': True, \'model\': <django.utils.functional.lazy.<locals>.__proxy__ object at 0x00000000041CAD30>, \'widget\': \'<select multiple="multiple" id="id_groups" name="groups">\\n</select>\', \'url_params\': \'_to_field=id&_popup=1\', \'name\': \'groups\'}, {\'block\': <Block Node: links. Contents: [<TextNode: \'\\n        \'>, <IfNode>, <TextNode: \'\\n        \'>, <IfNode>, <TextNode: \'\\n        \'>, <IfNode>, <TextNode: \'\\n    \'>]>}]'
2017-04-01 14:22:52,432 [Thread-5:15724] [django.db.backends:90] [utils:execute] [DEBUG]- (0.001) SELECT "auth_permission"."id", "auth_permission"."name", "auth_permission"."content_type_id", "auth_permission"."codename" FROM "auth_permission" INNER JOIN "django_content_type" ON ("auth_permission"."content_type_id" = "django_content_type"."id") ORDER BY "django_content_type"."app_label" ASC, "django_content_type"."model" ASC, "auth_permission"."codename" ASC; args=()
2017-04-01 14:22:52,433 [Thread-5:15724] [django.db.backends:90] [utils:execute] [DEBUG]- (0.000) SELECT "django_content_type"."id", "django_content_type"."app_label", "django_content_type"."model" FROM "django_content_type" WHERE "django_content_type"."id" = 1; args=(1,)
2017-04-01 14:22:52,434 [Thread-5:15724] [django.db.backends:90] [utils:execute] [DEBUG]- (0.000) SELECT "django_content_type"."id", "django_content_type"."app_label", "django_content_type"."model" FROM "django_content_type" WHERE "django_content_type"."id" = 1; args=(1,)
2017-04-01 14:22:52,436 [Thread-5:15724] [django.db.backends:90] [utils:execute] [DEBUG]- (0.000) SELECT "django_content_type"."id", "django_content_type"."app_label", "django_content_type"."model" FROM "django_content_type" WHERE "django_content_type"."id" = 1; args=(1,)
2017-04-01 14:22:52,437 [Thread-5:15724] [django.db.backends:90] [utils:execute] [DEBUG]- (0.000) SELECT "django_content_type"."id", "django_content_type"."app_label", "django_content_type"."model" FROM "django_content_type" WHERE "django_content_type"."id" = 3; args=(3,)
2017-04-01 14:22:52,438 [Thread-5:15724] [django.db.backends:90] [utils:execute] [DEBUG]- (0.000) SELECT "django_content_type"."id", "django_content_type"."app_label", "django_content_type"."model" FROM "django_content_type" WHERE "django_content_type"."id" = 3; args=(3,)
2017-04-01 14:22:52,440 [Thread-5:15724] [django.db.backends:90] [utils:execute] [DEBUG]- (0.000) SELECT "django_content_type"."id", "django_content_type"."app_label", "django_content_type"."model" FROM "django_content_type" WHERE "django_content_type"."id" = 3; args=(3,)
2017-04-01 14:22:52,441 [Thread-5:15724] [django.db.backends:90] [utils:execute] [DEBUG]- (0.000) SELECT "django_content_type"."id", "django_content_type"."app_label", "django_content_type"."model" FROM "django_content_type" WHERE "django_content_type"."id" = 2; args=(2,)
2017-04-01 14:22:52,442 [Thread-5:15724] [django.db.backends:90] [utils:execute] [DEBUG]- (0.000) SELECT "django_content_type"."id", "django_content_type"."app_label", "django_content_type"."model" FROM "django_content_type" WHERE "django_content_type"."id" = 2; args=(2,)
2017-04-01 14:22:52,444 [Thread-5:15724] [django.db.backends:90] [utils:execute] [DEBUG]- (0.000) SELECT "django_content_type"."id", "django_content_type"."app_label", "django_content_type"."model" FROM "django_content_type" WHERE "django_content_type"."id" = 2; args=(2,)
2017-04-01 14:22:52,446 [Thread-5:15724] [django.db.backends:90] [utils:execute] [DEBUG]- (0.001) SELECT "django_content_type"."id", "django_content_type"."app_label", "django_content_type"."model" FROM "django_content_type" WHERE "django_content_type"."id" = 6; args=(6,)
2017-04-01 14:22:52,450 [Thread-5:15724] [django.db.backends:90] [utils:execute] [DEBUG]- (0.000) SELECT "django_content_type"."id", "django_content_type"."app_label", "django_content_type"."model" FROM "django_content_type" WHERE "django_content_type"."id" = 6; args=(6,)
2017-04-01 14:22:52,452 [Thread-5:15724] [django.db.backends:90] [utils:execute] [DEBUG]- (0.000) SELECT "django_content_type"."id", "django_content_type"."app_label", "django_content_type"."model" FROM "django_content_type" WHERE "django_content_type"."id" = 6; args=(6,)
2017-04-01 14:22:52,453 [Thread-5:15724] [django.db.backends:90] [utils:execute] [DEBUG]- (0.000) SELECT "django_content_type"."id", "django_content_type"."app_label", "django_content_type"."model" FROM "django_content_type" WHERE "django_content_type"."id" = 12; args=(12,)
2017-04-01 14:22:52,455 [Thread-5:15724] [django.db.backends:90] [utils:execute] [DEBUG]- (0.001) SELECT "django_content_type"."id", "django_content_type"."app_label", "django_content_type"."model" FROM "django_content_type" WHERE "django_content_type"."id" = 12; args=(12,)
2017-04-01 14:22:52,456 [Thread-5:15724] [django.db.backends:90] [utils:execute] [DEBUG]- (0.000) SELECT "django_content_type"."id", "django_content_type"."app_label", "django_content_type"."model" FROM "django_content_type" WHERE "django_content_type"."id" = 12; args=(12,)
2017-04-01 14:22:52,457 [Thread-5:15724] [django.db.backends:90] [utils:execute] [DEBUG]- (0.000) SELECT "django_content_type"."id", "django_content_type"."app_label", "django_content_type"."model" FROM "django_content_type" WHERE "django_content_type"."id" = 9; args=(9,)
2017-04-01 14:22:52,458 [Thread-5:15724] [django.db.backends:90] [utils:execute] [DEBUG]- (0.000) SELECT "django_content_type"."id", "django_content_type"."app_label", "django_content_type"."model" FROM "django_content_type" WHERE "django_content_type"."id" = 9; args=(9,)
2017-04-01 14:22:52,459 [Thread-5:15724] [django.db.backends:90] [utils:execute] [DEBUG]- (0.000) SELECT "django_content_type"."id", "django_content_type"."app_label", "django_content_type"."model" FROM "django_content_type" WHERE "django_content_type"."id" = 9; args=(9,)
2017-04-01 14:22:52,461 [Thread-5:15724] [django.db.backends:90] [utils:execute] [DEBUG]- (0.001) SELECT "django_content_type"."id", "django_content_type"."app_label", "django_content_type"."model" FROM "django_content_type" WHERE "django_content_type"."id" = 11; args=(11,)
2017-04-01 14:22:52,463 [Thread-5:15724] [django.db.backends:90] [utils:execute] [DEBUG]- (0.001) SELECT "django_content_type"."id", "django_content_type"."app_label", "django_content_type"."model" FROM "django_content_type" WHERE "django_content_type"."id" = 11; args=(11,)
2017-04-01 14:22:52,464 [Thread-5:15724] [django.db.backends:90] [utils:execute] [DEBUG]- (0.000) SELECT "django_content_type"."id", "django_content_type"."app_label", "django_content_type"."model" FROM "django_content_type" WHERE "django_content_type"."id" = 11; args=(11,)
2017-04-01 14:22:52,465 [Thread-5:15724] [django.db.backends:90] [utils:execute] [DEBUG]- (0.000) SELECT "django_content_type"."id", "django_content_type"."app_label", "django_content_type"."model" FROM "django_content_type" WHERE "django_content_type"."id" = 7; args=(7,)
2017-04-01 14:22:52,466 [Thread-5:15724] [django.db.backends:90] [utils:execute] [DEBUG]- (0.000) SELECT "django_content_type"."id", "django_content_type"."app_label", "django_content_type"."model" FROM "django_content_type" WHERE "django_content_type"."id" = 7; args=(7,)
2017-04-01 14:22:52,467 [Thread-5:15724] [django.db.backends:90] [utils:execute] [DEBUG]- (0.000) SELECT "django_content_type"."id", "django_content_type"."app_label", "django_content_type"."model" FROM "django_content_type" WHERE "django_content_type"."id" = 7; args=(7,)
2017-04-01 14:22:52,469 [Thread-5:15724] [django.db.backends:90] [utils:execute] [DEBUG]- (0.001) SELECT "django_content_type"."id", "django_content_type"."app_label", "django_content_type"."model" FROM "django_content_type" WHERE "django_content_type"."id" = 10; args=(10,)
2017-04-01 14:22:52,470 [Thread-5:15724] [django.db.backends:90] [utils:execute] [DEBUG]- (0.000) SELECT "django_content_type"."id", "django_content_type"."app_label", "django_content_type"."model" FROM "django_content_type" WHERE "django_content_type"."id" = 10; args=(10,)
2017-04-01 14:22:52,471 [Thread-5:15724] [django.db.backends:90] [utils:execute] [DEBUG]- (0.000) SELECT "django_content_type"."id", "django_content_type"."app_label", "django_content_type"."model" FROM "django_content_type" WHERE "django_content_type"."id" = 10; args=(10,)
2017-04-01 14:22:52,472 [Thread-5:15724] [django.db.backends:90] [utils:execute] [DEBUG]- (0.000) SELECT "django_content_type"."id", "django_content_type"."app_label", "django_content_type"."model" FROM "django_content_type" WHERE "django_content_type"."id" = 8; args=(8,)
2017-04-01 14:22:52,473 [Thread-5:15724] [django.db.backends:90] [utils:execute] [DEBUG]- (0.000) SELECT "django_content_type"."id", "django_content_type"."app_label", "django_content_type"."model" FROM "django_content_type" WHERE "django_content_type"."id" = 8; args=(8,)
2017-04-01 14:22:52,474 [Thread-5:15724] [django.db.backends:90] [utils:execute] [DEBUG]- (0.000) SELECT "django_content_type"."id", "django_content_type"."app_label", "django_content_type"."model" FROM "django_content_type" WHERE "django_content_type"."id" = 8; args=(8,)
2017-04-01 14:22:52,475 [Thread-5:15724] [django.db.backends:90] [utils:execute] [DEBUG]- (0.000) SELECT "django_content_type"."id", "django_content_type"."app_label", "django_content_type"."model" FROM "django_content_type" WHERE "django_content_type"."id" = 4; args=(4,)
2017-04-01 14:22:52,477 [Thread-5:15724] [django.db.backends:90] [utils:execute] [DEBUG]- (0.001) SELECT "django_content_type"."id", "django_content_type"."app_label", "django_content_type"."model" FROM "django_content_type" WHERE "django_content_type"."id" = 4; args=(4,)
2017-04-01 14:22:52,478 [Thread-5:15724] [django.db.backends:90] [utils:execute] [DEBUG]- (0.000) SELECT "django_content_type"."id", "django_content_type"."app_label", "django_content_type"."model" FROM "django_content_type" WHERE "django_content_type"."id" = 4; args=(4,)
2017-04-01 14:22:52,482 [Thread-5:15724] [django.db.backends:90] [utils:execute] [DEBUG]- (0.000) SELECT "django_content_type"."id", "django_content_type"."app_label", "django_content_type"."model" FROM "django_content_type" WHERE "django_content_type"."id" = 5; args=(5,)
2017-04-01 14:22:52,485 [Thread-5:15724] [django.db.backends:90] [utils:execute] [DEBUG]- (0.000) SELECT "django_content_type"."id", "django_content_type"."app_label", "django_content_type"."model" FROM "django_content_type" WHERE "django_content_type"."id" = 5; args=(5,)
2017-04-01 14:22:52,487 [Thread-5:15724] [django.db.backends:90] [utils:execute] [DEBUG]- (0.001) SELECT "django_content_type"."id", "django_content_type"."app_label", "django_content_type"."model" FROM "django_content_type" WHERE "django_content_type"."id" = 5; args=(5,)
2017-04-01 14:22:52,489 [Thread-5:15724] [django.template:929] [base:_resolve_lookup] [DEBUG]- Exception while resolving variable 'can_change_related' in template 'admin/related_widget_wrapper.html'.
Traceback (most recent call last):
  File "C:\Users\Joker\AppData\Local\Programs\Python\Python35\lib\site-packages\django\template\base.py", line 885, in _resolve_lookup
    current = current[bit]
  File "C:\Users\Joker\AppData\Local\Programs\Python\Python35\lib\site-packages\django\template\context.py", line 75, in __getitem__
    raise KeyError(key)
KeyError: 'can_change_related'

During handling of the above exception, another exception occurred:

Traceback (most recent call last):
  File "C:\Users\Joker\AppData\Local\Programs\Python\Python35\lib\site-packages\django\template\base.py", line 891, in _resolve_lookup
    if isinstance(current, BaseContext) and getattr(type(current), bit):
AttributeError: type object 'Context' has no attribute 'can_change_related'

During handling of the above exception, another exception occurred:

Traceback (most recent call last):
  File "C:\Users\Joker\AppData\Local\Programs\Python\Python35\lib\site-packages\django\template\base.py", line 900, in _resolve_lookup
    current = current[int(bit)]
ValueError: invalid literal for int() with base 10: 'can_change_related'

During handling of the above exception, another exception occurred:

Traceback (most recent call last):
  File "C:\Users\Joker\AppData\Local\Programs\Python\Python35\lib\site-packages\django\template\base.py", line 907, in _resolve_lookup
    (bit, current))  # missing attribute
django.template.base.VariableDoesNotExist: Failed lookup for key [can_change_related] in '[{\'True\': True, \'False\': False, \'None\': None}, {\'widget\': \'<select multiple="multiple" id="id_user_permissions" name="user_permissions">\\n<option value="1">admin | log entry | Can add log entry</option>\\n<option value="2">admin | log entry | Can change log entry</option>\\n<option value="3">admin | log entry | Can delete log entry</option>\\n<option value="7">auth | group | Can add group</option>\\n<option value="8">auth | group | Can change group</option>\\n<option value="9">auth | group | Can delete group</option>\\n<option value="4">auth | permission | Can add permission</option>\\n<option value="5">auth | permission | Can change permission</option>\\n<option value="6">auth | permission | Can delete permission</option>\\n<option value="16">blog | 广告 | Can add 广告</option>\\n<option value="17">blog | 广告 | Can change 广告</option>\\n<option value="18">blog | 广告 | Can delete 广告</option>\\n<option value="34">blog | 文章 | Can add 文章</option>\\n<option value="35">blog | 文章 | Can change 文章</option>\\n<option value="36">blog | 文章 | Can delete 文章</option>\\n<option value="25">blog | 分类 | Can add 分类</option>\\n<option value="26">blog | 分类 | Can change 分类</option>\\n<option value="27">blog | 分类 | Can delete 分类</option>\\n<option value="31">blog | 评论 | Can add 评论</option>\\n<option value="32">blog | 评论 | Can change 评论</option>\\n<option value="33">blog | 评论 | Can delete 评论</option>\\n<option value="19">blog | 友情链接 | Can add 友情链接</option>\\n<option value="20">blog | 友情链接 | Can change 友情链接</option>\\n<option value="21">blog | 友情链接 | Can delete 友情链接</option>\\n<option value="28">blog | 标签 | Can add 标签</option>\\n<option value="29">blog | 标签 | Can change 标签</option>\\n<option value="30">blog | 标签 | Can delete 标签</option>\\n<option value="22">blog | 用户 | Can add 用户</option>\\n<option value="23">blog | 用户 | Can change 用户</option>\\n<option value="24">blog | 用户 | Can delete 用户</option>\\n<option value="10">contenttypes | content type | Can add content type</option>\\n<option value="11">contenttypes | content type | Can change content type</option>\\n<option value="12">contenttypes | content type | Can delete content type</option>\\n<option value="13">sessions | session | Can add session</option>\\n<option value="14">sessions | session | Can change session</option>\\n<option value="15">sessions | session | Can delete session</option>\\n</select>\', \'model\': <django.utils.functional.lazy.<locals>.__proxy__ object at 0x00000000041CA828>, \'name\': \'user_permissions\', \'url_params\': \'_to_field=id&_popup=1\'}, {\'block\': <Block Node: links. Contents: [<TextNode: \'\\n        \'>, <IfNode>, <TextNode: \'\\n        \'>, <IfNode>, <TextNode: \'\\n        \'>, <IfNode>, <TextNode: \'\\n    \'>]>}]'
2017-04-01 14:22:52,491 [Thread-5:15724] [django.template:929] [base:_resolve_lookup] [DEBUG]- Exception while resolving variable 'can_add_related' in template 'admin/related_widget_wrapper.html'.
Traceback (most recent call last):
  File "C:\Users\Joker\AppData\Local\Programs\Python\Python35\lib\site-packages\django\template\base.py", line 885, in _resolve_lookup
    current = current[bit]
  File "C:\Users\Joker\AppData\Local\Programs\Python\Python35\lib\site-packages\django\template\context.py", line 75, in __getitem__
    raise KeyError(key)
KeyError: 'can_add_related'

During handling of the above exception, another exception occurred:

Traceback (most recent call last):
  File "C:\Users\Joker\AppData\Local\Programs\Python\Python35\lib\site-packages\django\template\base.py", line 891, in _resolve_lookup
    if isinstance(current, BaseContext) and getattr(type(current), bit):
AttributeError: type object 'Context' has no attribute 'can_add_related'

During handling of the above exception, another exception occurred:

Traceback (most recent call last):
  File "C:\Users\Joker\AppData\Local\Programs\Python\Python35\lib\site-packages\django\template\base.py", line 900, in _resolve_lookup
    current = current[int(bit)]
ValueError: invalid literal for int() with base 10: 'can_add_related'

During handling of the above exception, another exception occurred:

Traceback (most recent call last):
  File "C:\Users\Joker\AppData\Local\Programs\Python\Python35\lib\site-packages\django\template\base.py", line 907, in _resolve_lookup
    (bit, current))  # missing attribute
django.template.base.VariableDoesNotExist: Failed lookup for key [can_add_related] in '[{\'True\': True, \'False\': False, \'None\': None}, {\'widget\': \'<select multiple="multiple" id="id_user_permissions" name="user_permissions">\\n<option value="1">admin | log entry | Can add log entry</option>\\n<option value="2">admin | log entry | Can change log entry</option>\\n<option value="3">admin | log entry | Can delete log entry</option>\\n<option value="7">auth | group | Can add group</option>\\n<option value="8">auth | group | Can change group</option>\\n<option value="9">auth | group | Can delete group</option>\\n<option value="4">auth | permission | Can add permission</option>\\n<option value="5">auth | permission | Can change permission</option>\\n<option value="6">auth | permission | Can delete permission</option>\\n<option value="16">blog | 广告 | Can add 广告</option>\\n<option value="17">blog | 广告 | Can change 广告</option>\\n<option value="18">blog | 广告 | Can delete 广告</option>\\n<option value="34">blog | 文章 | Can add 文章</option>\\n<option value="35">blog | 文章 | Can change 文章</option>\\n<option value="36">blog | 文章 | Can delete 文章</option>\\n<option value="25">blog | 分类 | Can add 分类</option>\\n<option value="26">blog | 分类 | Can change 分类</option>\\n<option value="27">blog | 分类 | Can delete 分类</option>\\n<option value="31">blog | 评论 | Can add 评论</option>\\n<option value="32">blog | 评论 | Can change 评论</option>\\n<option value="33">blog | 评论 | Can delete 评论</option>\\n<option value="19">blog | 友情链接 | Can add 友情链接</option>\\n<option value="20">blog | 友情链接 | Can change 友情链接</option>\\n<option value="21">blog | 友情链接 | Can delete 友情链接</option>\\n<option value="28">blog | 标签 | Can add 标签</option>\\n<option value="29">blog | 标签 | Can change 标签</option>\\n<option value="30">blog | 标签 | Can delete 标签</option>\\n<option value="22">blog | 用户 | Can add 用户</option>\\n<option value="23">blog | 用户 | Can change 用户</option>\\n<option value="24">blog | 用户 | Can delete 用户</option>\\n<option value="10">contenttypes | content type | Can add content type</option>\\n<option value="11">contenttypes | content type | Can change content type</option>\\n<option value="12">contenttypes | content type | Can delete content type</option>\\n<option value="13">sessions | session | Can add session</option>\\n<option value="14">sessions | session | Can change session</option>\\n<option value="15">sessions | session | Can delete session</option>\\n</select>\', \'model\': <django.utils.functional.lazy.<locals>.__proxy__ object at 0x00000000041CA828>, \'name\': \'user_permissions\', \'url_params\': \'_to_field=id&_popup=1\'}, {\'block\': <Block Node: links. Contents: [<TextNode: \'\\n        \'>, <IfNode>, <TextNode: \'\\n        \'>, <IfNode>, <TextNode: \'\\n        \'>, <IfNode>, <TextNode: \'\\n    \'>]>}]'
2017-04-01 14:22:52,492 [Thread-5:15724] [django.template:929] [base:_resolve_lookup] [DEBUG]- Exception while resolving variable 'can_delete_related' in template 'admin/related_widget_wrapper.html'.
Traceback (most recent call last):
  File "C:\Users\Joker\AppData\Local\Programs\Python\Python35\lib\site-packages\django\template\base.py", line 885, in _resolve_lookup
    current = current[bit]
  File "C:\Users\Joker\AppData\Local\Programs\Python\Python35\lib\site-packages\django\template\context.py", line 75, in __getitem__
    raise KeyError(key)
KeyError: 'can_delete_related'

During handling of the above exception, another exception occurred:

Traceback (most recent call last):
  File "C:\Users\Joker\AppData\Local\Programs\Python\Python35\lib\site-packages\django\template\base.py", line 891, in _resolve_lookup
    if isinstance(current, BaseContext) and getattr(type(current), bit):
AttributeError: type object 'Context' has no attribute 'can_delete_related'

During handling of the above exception, another exception occurred:

Traceback (most recent call last):
  File "C:\Users\Joker\AppData\Local\Programs\Python\Python35\lib\site-packages\django\template\base.py", line 900, in _resolve_lookup
    current = current[int(bit)]
ValueError: invalid literal for int() with base 10: 'can_delete_related'

During handling of the above exception, another exception occurred:

Traceback (most recent call last):
  File "C:\Users\Joker\AppData\Local\Programs\Python\Python35\lib\site-packages\django\template\base.py", line 907, in _resolve_lookup
    (bit, current))  # missing attribute
django.template.base.VariableDoesNotExist: Failed lookup for key [can_delete_related] in '[{\'True\': True, \'False\': False, \'None\': None}, {\'widget\': \'<select multiple="multiple" id="id_user_permissions" name="user_permissions">\\n<option value="1">admin | log entry | Can add log entry</option>\\n<option value="2">admin | log entry | Can change log entry</option>\\n<option value="3">admin | log entry | Can delete log entry</option>\\n<option value="7">auth | group | Can add group</option>\\n<option value="8">auth | group | Can change group</option>\\n<option value="9">auth | group | Can delete group</option>\\n<option value="4">auth | permission | Can add permission</option>\\n<option value="5">auth | permission | Can change permission</option>\\n<option value="6">auth | permission | Can delete permission</option>\\n<option value="16">blog | 广告 | Can add 广告</option>\\n<option value="17">blog | 广告 | Can change 广告</option>\\n<option value="18">blog | 广告 | Can delete 广告</option>\\n<option value="34">blog | 文章 | Can add 文章</option>\\n<option value="35">blog | 文章 | Can change 文章</option>\\n<option value="36">blog | 文章 | Can delete 文章</option>\\n<option value="25">blog | 分类 | Can add 分类</option>\\n<option value="26">blog | 分类 | Can change 分类</option>\\n<option value="27">blog | 分类 | Can delete 分类</option>\\n<option value="31">blog | 评论 | Can add 评论</option>\\n<option value="32">blog | 评论 | Can change 评论</option>\\n<option value="33">blog | 评论 | Can delete 评论</option>\\n<option value="19">blog | 友情链接 | Can add 友情链接</option>\\n<option value="20">blog | 友情链接 | Can change 友情链接</option>\\n<option value="21">blog | 友情链接 | Can delete 友情链接</option>\\n<option value="28">blog | 标签 | Can add 标签</option>\\n<option value="29">blog | 标签 | Can change 标签</option>\\n<option value="30">blog | 标签 | Can delete 标签</option>\\n<option value="22">blog | 用户 | Can add 用户</option>\\n<option value="23">blog | 用户 | Can change 用户</option>\\n<option value="24">blog | 用户 | Can delete 用户</option>\\n<option value="10">contenttypes | content type | Can add content type</option>\\n<option value="11">contenttypes | content type | Can change content type</option>\\n<option value="12">contenttypes | content type | Can delete content type</option>\\n<option value="13">sessions | session | Can add session</option>\\n<option value="14">sessions | session | Can change session</option>\\n<option value="15">sessions | session | Can delete session</option>\\n</select>\', \'model\': <django.utils.functional.lazy.<locals>.__proxy__ object at 0x00000000041CA828>, \'name\': \'user_permissions\', \'url_params\': \'_to_field=id&_popup=1\'}, {\'block\': <Block Node: links. Contents: [<TextNode: \'\\n        \'>, <IfNode>, <TextNode: \'\\n        \'>, <IfNode>, <TextNode: \'\\n        \'>, <IfNode>, <TextNode: \'\\n    \'>]>}]'
2017-04-01 14:22:52,508 [Thread-5:15724] [django.server:131] [basehttp:log_message] [INFO]- "GET /admin/blog/user/add/ HTTP/1.1" 200 15143
2017-04-01 14:22:52,556 [Thread-6:16096] [django.db.backends:90] [utils:execute] [DEBUG]- (0.001) SELECT "django_session"."session_key", "django_session"."session_data", "django_session"."expire_date" FROM "django_session" WHERE ("django_session"."session_key" = 'xqcbzi0hsjc843woz4abl0mth5kkwyog' AND "django_session"."expire_date" > '2017-04-01 06:22:52.538109'); args=('xqcbzi0hsjc843woz4abl0mth5kkwyog', '2017-04-01 06:22:52.538109')
2017-04-01 14:22:52,559 [Thread-6:16096] [django.db.backends:90] [utils:execute] [DEBUG]- (0.001) SELECT "blog_user"."id", "blog_user"."password", "blog_user"."last_login", "blog_user"."is_superuser", "blog_user"."username", "blog_user"."first_name", "blog_user"."last_name", "blog_user"."email", "blog_user"."is_staff", "blog_user"."is_active", "blog_user"."date_joined", "blog_user"."avatar", "blog_user"."qq", "blog_user"."mobile", "blog_user"."url" FROM "blog_user" WHERE "blog_user"."id" = 1; args=(1,)
2017-04-01 14:22:52,564 [Thread-6:16096] [django.server:131] [basehttp:log_message] [INFO]- "GET /admin/jsi18n/ HTTP/1.1" 200 3189
2017-04-01 14:24:09,336 [Thread-8:12292] [django.db.backends:90] [utils:execute] [DEBUG]- (0.002) SELECT "django_session"."session_key", "django_session"."session_data", "django_session"."expire_date" FROM "django_session" WHERE ("django_session"."session_key" = 'xqcbzi0hsjc843woz4abl0mth5kkwyog' AND "django_session"."expire_date" > '2017-04-01 06:24:09.324500'); args=('xqcbzi0hsjc843woz4abl0mth5kkwyog', '2017-04-01 06:24:09.324500')
2017-04-01 14:24:09,340 [Thread-8:12292] [django.db.backends:90] [utils:execute] [DEBUG]- (0.001) SELECT "blog_user"."id", "blog_user"."password", "blog_user"."last_login", "blog_user"."is_superuser", "blog_user"."username", "blog_user"."first_name", "blog_user"."last_name", "blog_user"."email", "blog_user"."is_staff", "blog_user"."is_active", "blog_user"."date_joined", "blog_user"."avatar", "blog_user"."qq", "blog_user"."mobile", "blog_user"."url" FROM "blog_user" WHERE "blog_user"."id" = 1; args=(1,)
2017-04-01 14:24:09,351 [Thread-8:12292] [django.db.backends:90] [utils:execute] [DEBUG]- (0.001) SELECT COUNT(*) AS "__count" FROM "blog_user"; args=()
2017-04-01 14:24:09,353 [Thread-8:12292] [django.db.backends:90] [utils:execute] [DEBUG]- (0.001) SELECT COUNT(*) AS "__count" FROM "blog_user"; args=()
2017-04-01 14:24:09,361 [Thread-8:12292] [django.db.backends:90] [utils:execute] [DEBUG]- (0.004) SELECT "blog_user"."id", "blog_user"."password", "blog_user"."last_login", "blog_user"."is_superuser", "blog_user"."username", "blog_user"."first_name", "blog_user"."last_name", "blog_user"."email", "blog_user"."is_staff", "blog_user"."is_active", "blog_user"."date_joined", "blog_user"."avatar", "blog_user"."qq", "blog_user"."mobile", "blog_user"."url" FROM "blog_user" ORDER BY "blog_user"."id" DESC; args=()
2017-04-01 14:24:09,379 [Thread-8:12292] [django.db.backends:90] [utils:execute] [DEBUG]- (0.000) SELECT "blog_article"."date_publish" FROM "blog_article" ORDER BY "blog_article"."date_publish" DESC; args=()
2017-04-01 14:24:09,380 [Thread-8:12292] [django.db.backends:90] [utils:execute] [DEBUG]- (0.000) 
			select article_id from blog_comment 
			group by article_id 
			order by count(article_id) 
			desc
		; args=None
2017-04-01 14:24:09,398 [Thread-8:12292] [django.template:929] [base:_resolve_lookup] [DEBUG]- Exception while resolving variable 'errors' in template 'admin/change_list.html'.
Traceback (most recent call last):
  File "C:\Users\Joker\AppData\Local\Programs\Python\Python35\lib\site-packages\django\template\base.py", line 885, in _resolve_lookup
    current = current[bit]
TypeError: 'NoneType' object is not subscriptable

During handling of the above exception, another exception occurred:

Traceback (most recent call last):
  File "C:\Users\Joker\AppData\Local\Programs\Python\Python35\lib\site-packages\django\template\base.py", line 893, in _resolve_lookup
    current = getattr(current, bit)
AttributeError: 'NoneType' object has no attribute 'errors'

During handling of the above exception, another exception occurred:

Traceback (most recent call last):
  File "C:\Users\Joker\AppData\Local\Programs\Python\Python35\lib\site-packages\django\template\base.py", line 900, in _resolve_lookup
    current = current[int(bit)]
ValueError: invalid literal for int() with base 10: 'errors'

During handling of the above exception, another exception occurred:

Traceback (most recent call last):
  File "C:\Users\Joker\AppData\Local\Programs\Python\Python35\lib\site-packages\django\template\base.py", line 907, in _resolve_lookup
    (bit, current))  # missing attribute
django.template.base.VariableDoesNotExist: Failed lookup for key [errors] in 'None'
2017-04-01 14:24:09,407 [Thread-8:12292] [django.template:929] [base:_resolve_lookup] [DEBUG]- Exception while resolving variable 'show' in template 'admin/change_list.html'.
Traceback (most recent call last):
  File "C:\Users\Joker\AppData\Local\Programs\Python\Python35\lib\site-packages\django\template\base.py", line 885, in _resolve_lookup
    current = current[bit]
  File "C:\Users\Joker\AppData\Local\Programs\Python\Python35\lib\site-packages\django\template\context.py", line 75, in __getitem__
    raise KeyError(key)
KeyError: 'show'

During handling of the above exception, another exception occurred:

Traceback (most recent call last):
  File "C:\Users\Joker\AppData\Local\Programs\Python\Python35\lib\site-packages\django\template\base.py", line 891, in _resolve_lookup
    if isinstance(current, BaseContext) and getattr(type(current), bit):
AttributeError: type object 'RequestContext' has no attribute 'show'

During handling of the above exception, another exception occurred:

Traceback (most recent call last):
  File "C:\Users\Joker\AppData\Local\Programs\Python\Python35\lib\site-packages\django\template\base.py", line 900, in _resolve_lookup
    current = current[int(bit)]
ValueError: invalid literal for int() with base 10: 'show'

During handling of the above exception, another exception occurred:

Traceback (most recent call last):
  File "C:\Users\Joker\AppData\Local\Programs\Python\Python35\lib\site-packages\django\template\base.py", line 907, in _resolve_lookup
    (bit, current))  # missing attribute
django.template.base.VariableDoesNotExist: Failed lookup for key [show] in "[{'True': True, 'False': False, 'None': None, 'csrf_token': <SimpleLazyObject: <function csrf.<locals>._get_val at 0x0000000004954B70>>}]"
2017-04-01 14:24:09,408 [Thread-8:12292] [django.template:929] [base:_resolve_lookup] [DEBUG]- Exception while resolving variable 'is_multipart' in template 'admin/change_list.html'.
Traceback (most recent call last):
  File "C:\Users\Joker\AppData\Local\Programs\Python\Python35\lib\site-packages\django\template\base.py", line 885, in _resolve_lookup
    current = current[bit]
TypeError: 'NoneType' object is not subscriptable

During handling of the above exception, another exception occurred:

Traceback (most recent call last):
  File "C:\Users\Joker\AppData\Local\Programs\Python\Python35\lib\site-packages\django\template\base.py", line 893, in _resolve_lookup
    current = getattr(current, bit)
AttributeError: 'NoneType' object has no attribute 'is_multipart'

During handling of the above exception, another exception occurred:

Traceback (most recent call last):
  File "C:\Users\Joker\AppData\Local\Programs\Python\Python35\lib\site-packages\django\template\base.py", line 900, in _resolve_lookup
    current = current[int(bit)]
ValueError: invalid literal for int() with base 10: 'is_multipart'

During handling of the above exception, another exception occurred:

Traceback (most recent call last):
  File "C:\Users\Joker\AppData\Local\Programs\Python\Python35\lib\site-packages\django\template\base.py", line 907, in _resolve_lookup
    (bit, current))  # missing attribute
django.template.base.VariableDoesNotExist: Failed lookup for key [is_multipart] in 'None'
2017-04-01 14:24:09,424 [Thread-8:12292] [django.template:929] [base:_resolve_lookup] [DEBUG]- Exception while resolving variable 'non_field_errors' in template 'admin/change_list.html'.
Traceback (most recent call last):
  File "C:\Users\Joker\AppData\Local\Programs\Python\Python35\lib\site-packages\django\template\base.py", line 885, in _resolve_lookup
    current = current[bit]
TypeError: 'NoneType' object is not subscriptable

During handling of the above exception, another exception occurred:

Traceback (most recent call last):
  File "C:\Users\Joker\AppData\Local\Programs\Python\Python35\lib\site-packages\django\template\base.py", line 893, in _resolve_lookup
    current = getattr(current, bit)
AttributeError: 'NoneType' object has no attribute 'non_field_errors'

During handling of the above exception, another exception occurred:

Traceback (most recent call last):
  File "C:\Users\Joker\AppData\Local\Programs\Python\Python35\lib\site-packages\django\template\base.py", line 900, in _resolve_lookup
    current = current[int(bit)]
ValueError: invalid literal for int() with base 10: 'non_field_errors'

During handling of the above exception, another exception occurred:

Traceback (most recent call last):
  File "C:\Users\Joker\AppData\Local\Programs\Python\Python35\lib\site-packages\django\template\base.py", line 907, in _resolve_lookup
    (bit, current))  # missing attribute
django.template.base.VariableDoesNotExist: Failed lookup for key [non_field_errors] in 'None'
2017-04-01 14:24:09,431 [Thread-8:12292] [django.server:131] [basehttp:log_message] [INFO]- "GET /admin/blog/user/ HTTP/1.1" 200 4161
2017-04-01 14:24:11,061 [Thread-9:12476] [django.db.backends:90] [utils:execute] [DEBUG]- (0.001) SELECT "django_session"."session_key", "django_session"."session_data", "django_session"."expire_date" FROM "django_session" WHERE ("django_session"."session_key" = 'xqcbzi0hsjc843woz4abl0mth5kkwyog' AND "django_session"."expire_date" > '2017-04-01 06:24:11.051599'); args=('xqcbzi0hsjc843woz4abl0mth5kkwyog', '2017-04-01 06:24:11.051599')
2017-04-01 14:24:11,063 [Thread-9:12476] [django.db.backends:90] [utils:execute] [DEBUG]- (0.001) SELECT "blog_user"."id", "blog_user"."password", "blog_user"."last_login", "blog_user"."is_superuser", "blog_user"."username", "blog_user"."first_name", "blog_user"."last_name", "blog_user"."email", "blog_user"."is_staff", "blog_user"."is_active", "blog_user"."date_joined", "blog_user"."avatar", "blog_user"."qq", "blog_user"."mobile", "blog_user"."url" FROM "blog_user" WHERE "blog_user"."id" = 1; args=(1,)
2017-04-01 14:24:11,064 [Thread-9:12476] [django.db.backends:90] [utils:execute] [DEBUG]- (0.000) BEGIN; args=None
2017-04-01 14:24:11,066 [Thread-9:12476] [django.db.backends:90] [utils:execute] [DEBUG]- (0.001) SELECT "blog_user"."id", "blog_user"."password", "blog_user"."last_login", "blog_user"."is_superuser", "blog_user"."username", "blog_user"."first_name", "blog_user"."last_name", "blog_user"."email", "blog_user"."is_staff", "blog_user"."is_active", "blog_user"."date_joined", "blog_user"."avatar", "blog_user"."qq", "blog_user"."mobile", "blog_user"."url" FROM "blog_user" WHERE "blog_user"."id" = 1; args=(1,)
2017-04-01 14:24:11,097 [Thread-9:12476] [django.db.backends:90] [utils:execute] [DEBUG]- (0.000) SELECT "blog_article"."date_publish" FROM "blog_article" ORDER BY "blog_article"."date_publish" DESC; args=()
2017-04-01 14:24:11,098 [Thread-9:12476] [django.db.backends:90] [utils:execute] [DEBUG]- (0.000) 
			select article_id from blog_comment 
			group by article_id 
			order by count(article_id) 
			desc
		; args=None
2017-04-01 14:24:11,126 [Thread-9:12476] [django.db.backends:90] [utils:execute] [DEBUG]- (0.000) SELECT "auth_group"."id", "auth_group"."name" FROM "auth_group" INNER JOIN "blog_user_groups" ON ("auth_group"."id" = "blog_user_groups"."group_id") WHERE "blog_user_groups"."user_id" = 1; args=(1,)
2017-04-01 14:24:11,128 [Thread-9:12476] [django.db.backends:90] [utils:execute] [DEBUG]- (0.000) SELECT "auth_group"."id", "auth_group"."name" FROM "auth_group" ORDER BY "auth_group"."name" ASC; args=()
2017-04-01 14:24:11,131 [Thread-9:12476] [django.template:929] [base:_resolve_lookup] [DEBUG]- Exception while resolving variable 'can_change_related' in template 'admin/related_widget_wrapper.html'.
Traceback (most recent call last):
  File "C:\Users\Joker\AppData\Local\Programs\Python\Python35\lib\site-packages\django\template\base.py", line 885, in _resolve_lookup
    current = current[bit]
  File "C:\Users\Joker\AppData\Local\Programs\Python\Python35\lib\site-packages\django\template\context.py", line 75, in __getitem__
    raise KeyError(key)
KeyError: 'can_change_related'

During handling of the above exception, another exception occurred:

Traceback (most recent call last):
  File "C:\Users\Joker\AppData\Local\Programs\Python\Python35\lib\site-packages\django\template\base.py", line 891, in _resolve_lookup
    if isinstance(current, BaseContext) and getattr(type(current), bit):
AttributeError: type object 'Context' has no attribute 'can_change_related'

During handling of the above exception, another exception occurred:

Traceback (most recent call last):
  File "C:\Users\Joker\AppData\Local\Programs\Python\Python35\lib\site-packages\django\template\base.py", line 900, in _resolve_lookup
    current = current[int(bit)]
ValueError: invalid literal for int() with base 10: 'can_change_related'

During handling of the above exception, another exception occurred:

Traceback (most recent call last):
  File "C:\Users\Joker\AppData\Local\Programs\Python\Python35\lib\site-packages\django\template\base.py", line 907, in _resolve_lookup
    (bit, current))  # missing attribute
django.template.base.VariableDoesNotExist: Failed lookup for key [can_change_related] in '[{\'True\': True, \'False\': False, \'None\': None}, {\'add_related_url\': \'/admin/auth/group/add/\', \'can_add_related\': True, \'model\': <django.utils.functional.lazy.<locals>.__proxy__ object at 0x00000000041CAD30>, \'widget\': \'<select multiple="multiple" id="id_groups" name="groups">\\n</select>\', \'url_params\': \'_to_field=id&_popup=1\', \'name\': \'groups\'}, {\'block\': <Block Node: links. Contents: [<TextNode: \'\\n        \'>, <IfNode>, <TextNode: \'\\n        \'>, <IfNode>, <TextNode: \'\\n        \'>, <IfNode>, <TextNode: \'\\n    \'>]>}]'
2017-04-01 14:24:11,133 [Thread-9:12476] [django.template:929] [base:_resolve_lookup] [DEBUG]- Exception while resolving variable 'can_delete_related' in template 'admin/related_widget_wrapper.html'.
Traceback (most recent call last):
  File "C:\Users\Joker\AppData\Local\Programs\Python\Python35\lib\site-packages\django\template\base.py", line 885, in _resolve_lookup
    current = current[bit]
  File "C:\Users\Joker\AppData\Local\Programs\Python\Python35\lib\site-packages\django\template\context.py", line 75, in __getitem__
    raise KeyError(key)
KeyError: 'can_delete_related'

During handling of the above exception, another exception occurred:

Traceback (most recent call last):
  File "C:\Users\Joker\AppData\Local\Programs\Python\Python35\lib\site-packages\django\template\base.py", line 891, in _resolve_lookup
    if isinstance(current, BaseContext) and getattr(type(current), bit):
AttributeError: type object 'Context' has no attribute 'can_delete_related'

During handling of the above exception, another exception occurred:

Traceback (most recent call last):
  File "C:\Users\Joker\AppData\Local\Programs\Python\Python35\lib\site-packages\django\template\base.py", line 900, in _resolve_lookup
    current = current[int(bit)]
ValueError: invalid literal for int() with base 10: 'can_delete_related'

During handling of the above exception, another exception occurred:

Traceback (most recent call last):
  File "C:\Users\Joker\AppData\Local\Programs\Python\Python35\lib\site-packages\django\template\base.py", line 907, in _resolve_lookup
    (bit, current))  # missing attribute
django.template.base.VariableDoesNotExist: Failed lookup for key [can_delete_related] in '[{\'True\': True, \'False\': False, \'None\': None}, {\'add_related_url\': \'/admin/auth/group/add/\', \'can_add_related\': True, \'model\': <django.utils.functional.lazy.<locals>.__proxy__ object at 0x00000000041CAD30>, \'widget\': \'<select multiple="multiple" id="id_groups" name="groups">\\n</select>\', \'url_params\': \'_to_field=id&_popup=1\', \'name\': \'groups\'}, {\'block\': <Block Node: links. Contents: [<TextNode: \'\\n        \'>, <IfNode>, <TextNode: \'\\n        \'>, <IfNode>, <TextNode: \'\\n        \'>, <IfNode>, <TextNode: \'\\n    \'>]>}]'
2017-04-01 14:24:11,142 [Thread-9:12476] [django.db.backends:90] [utils:execute] [DEBUG]- (0.000) SELECT "auth_permission"."id", "auth_permission"."name", "auth_permission"."content_type_id", "auth_permission"."codename" FROM "auth_permission" INNER JOIN "blog_user_user_permissions" ON ("auth_permission"."id" = "blog_user_user_permissions"."permission_id") INNER JOIN "django_content_type" ON ("auth_permission"."content_type_id" = "django_content_type"."id") WHERE "blog_user_user_permissions"."user_id" = 1 ORDER BY "django_content_type"."app_label" ASC, "django_content_type"."model" ASC, "auth_permission"."codename" ASC; args=(1,)
2017-04-01 14:24:11,145 [Thread-9:12476] [django.db.backends:90] [utils:execute] [DEBUG]- (0.001) SELECT "auth_permission"."id", "auth_permission"."name", "auth_permission"."content_type_id", "auth_permission"."codename" FROM "auth_permission" INNER JOIN "django_content_type" ON ("auth_permission"."content_type_id" = "django_content_type"."id") ORDER BY "django_content_type"."app_label" ASC, "django_content_type"."model" ASC, "auth_permission"."codename" ASC; args=()
2017-04-01 14:24:11,147 [Thread-9:12476] [django.db.backends:90] [utils:execute] [DEBUG]- (0.000) SELECT "django_content_type"."id", "django_content_type"."app_label", "django_content_type"."model" FROM "django_content_type" WHERE "django_content_type"."id" = 1; args=(1,)
2017-04-01 14:24:11,149 [Thread-9:12476] [django.db.backends:90] [utils:execute] [DEBUG]- (0.001) SELECT "django_content_type"."id", "django_content_type"."app_label", "django_content_type"."model" FROM "django_content_type" WHERE "django_content_type"."id" = 1; args=(1,)
2017-04-01 14:24:11,150 [Thread-9:12476] [django.db.backends:90] [utils:execute] [DEBUG]- (0.000) SELECT "django_content_type"."id", "django_content_type"."app_label", "django_content_type"."model" FROM "django_content_type" WHERE "django_content_type"."id" = 1; args=(1,)
2017-04-01 14:24:11,153 [Thread-9:12476] [django.db.backends:90] [utils:execute] [DEBUG]- (0.000) SELECT "django_content_type"."id", "django_content_type"."app_label", "django_content_type"."model" FROM "django_content_type" WHERE "django_content_type"."id" = 3; args=(3,)
2017-04-01 14:24:11,155 [Thread-9:12476] [django.db.backends:90] [utils:execute] [DEBUG]- (0.001) SELECT "django_content_type"."id", "django_content_type"."app_label", "django_content_type"."model" FROM "django_content_type" WHERE "django_content_type"."id" = 3; args=(3,)
2017-04-01 14:24:11,156 [Thread-9:12476] [django.db.backends:90] [utils:execute] [DEBUG]- (0.000) SELECT "django_content_type"."id", "django_content_type"."app_label", "django_content_type"."model" FROM "django_content_type" WHERE "django_content_type"."id" = 3; args=(3,)
2017-04-01 14:24:11,158 [Thread-9:12476] [django.db.backends:90] [utils:execute] [DEBUG]- (0.001) SELECT "django_content_type"."id", "django_content_type"."app_label", "django_content_type"."model" FROM "django_content_type" WHERE "django_content_type"."id" = 2; args=(2,)
2017-04-01 14:24:11,159 [Thread-9:12476] [django.db.backends:90] [utils:execute] [DEBUG]- (0.000) SELECT "django_content_type"."id", "django_content_type"."app_label", "django_content_type"."model" FROM "django_content_type" WHERE "django_content_type"."id" = 2; args=(2,)
2017-04-01 14:24:11,162 [Thread-9:12476] [django.db.backends:90] [utils:execute] [DEBUG]- (0.000) SELECT "django_content_type"."id", "django_content_type"."app_label", "django_content_type"."model" FROM "django_content_type" WHERE "django_content_type"."id" = 2; args=(2,)
2017-04-01 14:24:11,167 [Thread-9:12476] [django.db.backends:90] [utils:execute] [DEBUG]- (0.000) SELECT "django_content_type"."id", "django_content_type"."app_label", "django_content_type"."model" FROM "django_content_type" WHERE "django_content_type"."id" = 6; args=(6,)
2017-04-01 14:24:11,171 [Thread-9:12476] [django.db.backends:90] [utils:execute] [DEBUG]- (0.000) SELECT "django_content_type"."id", "django_content_type"."app_label", "django_content_type"."model" FROM "django_content_type" WHERE "django_content_type"."id" = 6; args=(6,)
2017-04-01 14:24:11,174 [Thread-9:12476] [django.db.backends:90] [utils:execute] [DEBUG]- (0.001) SELECT "django_content_type"."id", "django_content_type"."app_label", "django_content_type"."model" FROM "django_content_type" WHERE "django_content_type"."id" = 6; args=(6,)
2017-04-01 14:24:11,176 [Thread-9:12476] [django.db.backends:90] [utils:execute] [DEBUG]- (0.000) SELECT "django_content_type"."id", "django_content_type"."app_label", "django_content_type"."model" FROM "django_content_type" WHERE "django_content_type"."id" = 12; args=(12,)
2017-04-01 14:24:11,178 [Thread-9:12476] [django.db.backends:90] [utils:execute] [DEBUG]- (0.000) SELECT "django_content_type"."id", "django_content_type"."app_label", "django_content_type"."model" FROM "django_content_type" WHERE "django_content_type"."id" = 12; args=(12,)
2017-04-01 14:24:11,180 [Thread-9:12476] [django.db.backends:90] [utils:execute] [DEBUG]- (0.000) SELECT "django_content_type"."id", "django_content_type"."app_label", "django_content_type"."model" FROM "django_content_type" WHERE "django_content_type"."id" = 12; args=(12,)
2017-04-01 14:24:11,181 [Thread-9:12476] [django.db.backends:90] [utils:execute] [DEBUG]- (0.000) SELECT "django_content_type"."id", "django_content_type"."app_label", "django_content_type"."model" FROM "django_content_type" WHERE "django_content_type"."id" = 9; args=(9,)
2017-04-01 14:24:11,183 [Thread-9:12476] [django.db.backends:90] [utils:execute] [DEBUG]- (0.000) SELECT "django_content_type"."id", "django_content_type"."app_label", "django_content_type"."model" FROM "django_content_type" WHERE "django_content_type"."id" = 9; args=(9,)
2017-04-01 14:24:11,185 [Thread-9:12476] [django.db.backends:90] [utils:execute] [DEBUG]- (0.000) SELECT "django_content_type"."id", "django_content_type"."app_label", "django_content_type"."model" FROM "django_content_type" WHERE "django_content_type"."id" = 9; args=(9,)
2017-04-01 14:24:11,188 [Thread-9:12476] [django.db.backends:90] [utils:execute] [DEBUG]- (0.000) SELECT "django_content_type"."id", "django_content_type"."app_label", "django_content_type"."model" FROM "django_content_type" WHERE "django_content_type"."id" = 11; args=(11,)
2017-04-01 14:24:11,191 [Thread-9:12476] [django.db.backends:90] [utils:execute] [DEBUG]- (0.001) SELECT "django_content_type"."id", "django_content_type"."app_label", "django_content_type"."model" FROM "django_content_type" WHERE "django_content_type"."id" = 11; args=(11,)
2017-04-01 14:24:11,196 [Thread-9:12476] [django.db.backends:90] [utils:execute] [DEBUG]- (0.000) SELECT "django_content_type"."id", "django_content_type"."app_label", "django_content_type"."model" FROM "django_content_type" WHERE "django_content_type"."id" = 11; args=(11,)
2017-04-01 14:24:11,200 [Thread-9:12476] [django.db.backends:90] [utils:execute] [DEBUG]- (0.001) SELECT "django_content_type"."id", "django_content_type"."app_label", "django_content_type"."model" FROM "django_content_type" WHERE "django_content_type"."id" = 7; args=(7,)
2017-04-01 14:24:11,203 [Thread-9:12476] [django.db.backends:90] [utils:execute] [DEBUG]- (0.001) SELECT "django_content_type"."id", "django_content_type"."app_label", "django_content_type"."model" FROM "django_content_type" WHERE "django_content_type"."id" = 7; args=(7,)
2017-04-01 14:24:11,205 [Thread-9:12476] [django.db.backends:90] [utils:execute] [DEBUG]- (0.000) SELECT "django_content_type"."id", "django_content_type"."app_label", "django_content_type"."model" FROM "django_content_type" WHERE "django_content_type"."id" = 7; args=(7,)
2017-04-01 14:24:11,207 [Thread-9:12476] [django.db.backends:90] [utils:execute] [DEBUG]- (0.000) SELECT "django_content_type"."id", "django_content_type"."app_label", "django_content_type"."model" FROM "django_content_type" WHERE "django_content_type"."id" = 10; args=(10,)
2017-04-01 14:24:11,209 [Thread-9:12476] [django.db.backends:90] [utils:execute] [DEBUG]- (0.000) SELECT "django_content_type"."id", "django_content_type"."app_label", "django_content_type"."model" FROM "django_content_type" WHERE "django_content_type"."id" = 10; args=(10,)
2017-04-01 14:24:11,211 [Thread-9:12476] [django.db.backends:90] [utils:execute] [DEBUG]- (0.000) SELECT "django_content_type"."id", "django_content_type"."app_label", "django_content_type"."model" FROM "django_content_type" WHERE "django_content_type"."id" = 10; args=(10,)
2017-04-01 14:24:11,214 [Thread-9:12476] [django.db.backends:90] [utils:execute] [DEBUG]- (0.000) SELECT "django_content_type"."id", "django_content_type"."app_label", "django_content_type"."model" FROM "django_content_type" WHERE "django_content_type"."id" = 8; args=(8,)
2017-04-01 14:24:11,216 [Thread-9:12476] [django.db.backends:90] [utils:execute] [DEBUG]- (0.000) SELECT "django_content_type"."id", "django_content_type"."app_label", "django_content_type"."model" FROM "django_content_type" WHERE "django_content_type"."id" = 8; args=(8,)
2017-04-01 14:24:11,221 [Thread-9:12476] [django.db.backends:90] [utils:execute] [DEBUG]- (0.001) SELECT "django_content_type"."id", "django_content_type"."app_label", "django_content_type"."model" FROM "django_content_type" WHERE "django_content_type"."id" = 8; args=(8,)
2017-04-01 14:24:11,224 [Thread-9:12476] [django.db.backends:90] [utils:execute] [DEBUG]- (0.000) SELECT "django_content_type"."id", "django_content_type"."app_label", "django_content_type"."model" FROM "django_content_type" WHERE "django_content_type"."id" = 4; args=(4,)
2017-04-01 14:24:11,226 [Thread-9:12476] [django.db.backends:90] [utils:execute] [DEBUG]- (0.000) SELECT "django_content_type"."id", "django_content_type"."app_label", "django_content_type"."model" FROM "django_content_type" WHERE "django_content_type"."id" = 4; args=(4,)
2017-04-01 14:24:11,228 [Thread-9:12476] [django.db.backends:90] [utils:execute] [DEBUG]- (0.000) SELECT "django_content_type"."id", "django_content_type"."app_label", "django_content_type"."model" FROM "django_content_type" WHERE "django_content_type"."id" = 4; args=(4,)
2017-04-01 14:24:11,231 [Thread-9:12476] [django.db.backends:90] [utils:execute] [DEBUG]- (0.001) SELECT "django_content_type"."id", "django_content_type"."app_label", "django_content_type"."model" FROM "django_content_type" WHERE "django_content_type"."id" = 5; args=(5,)
2017-04-01 14:24:11,232 [Thread-9:12476] [django.db.backends:90] [utils:execute] [DEBUG]- (0.000) SELECT "django_content_type"."id", "django_content_type"."app_label", "django_content_type"."model" FROM "django_content_type" WHERE "django_content_type"."id" = 5; args=(5,)
2017-04-01 14:24:11,234 [Thread-9:12476] [django.db.backends:90] [utils:execute] [DEBUG]- (0.000) SELECT "django_content_type"."id", "django_content_type"."app_label", "django_content_type"."model" FROM "django_content_type" WHERE "django_content_type"."id" = 5; args=(5,)
2017-04-01 14:24:11,238 [Thread-9:12476] [django.template:929] [base:_resolve_lookup] [DEBUG]- Exception while resolving variable 'can_change_related' in template 'admin/related_widget_wrapper.html'.
Traceback (most recent call last):
  File "C:\Users\Joker\AppData\Local\Programs\Python\Python35\lib\site-packages\django\template\base.py", line 885, in _resolve_lookup
    current = current[bit]
  File "C:\Users\Joker\AppData\Local\Programs\Python\Python35\lib\site-packages\django\template\context.py", line 75, in __getitem__
    raise KeyError(key)
KeyError: 'can_change_related'

During handling of the above exception, another exception occurred:

Traceback (most recent call last):
  File "C:\Users\Joker\AppData\Local\Programs\Python\Python35\lib\site-packages\django\template\base.py", line 891, in _resolve_lookup
    if isinstance(current, BaseContext) and getattr(type(current), bit):
AttributeError: type object 'Context' has no attribute 'can_change_related'

During handling of the above exception, another exception occurred:

Traceback (most recent call last):
  File "C:\Users\Joker\AppData\Local\Programs\Python\Python35\lib\site-packages\django\template\base.py", line 900, in _resolve_lookup
    current = current[int(bit)]
ValueError: invalid literal for int() with base 10: 'can_change_related'

During handling of the above exception, another exception occurred:

Traceback (most recent call last):
  File "C:\Users\Joker\AppData\Local\Programs\Python\Python35\lib\site-packages\django\template\base.py", line 907, in _resolve_lookup
    (bit, current))  # missing attribute
django.template.base.VariableDoesNotExist: Failed lookup for key [can_change_related] in '[{\'True\': True, \'False\': False, \'None\': None}, {\'widget\': \'<select multiple="multiple" id="id_user_permissions" name="user_permissions">\\n<option value="1">admin | log entry | Can add log entry</option>\\n<option value="2">admin | log entry | Can change log entry</option>\\n<option value="3">admin | log entry | Can delete log entry</option>\\n<option value="7">auth | group | Can add group</option>\\n<option value="8">auth | group | Can change group</option>\\n<option value="9">auth | group | Can delete group</option>\\n<option value="4">auth | permission | Can add permission</option>\\n<option value="5">auth | permission | Can change permission</option>\\n<option value="6">auth | permission | Can delete permission</option>\\n<option value="16">blog | 广告 | Can add 广告</option>\\n<option value="17">blog | 广告 | Can change 广告</option>\\n<option value="18">blog | 广告 | Can delete 广告</option>\\n<option value="34">blog | 文章 | Can add 文章</option>\\n<option value="35">blog | 文章 | Can change 文章</option>\\n<option value="36">blog | 文章 | Can delete 文章</option>\\n<option value="25">blog | 分类 | Can add 分类</option>\\n<option value="26">blog | 分类 | Can change 分类</option>\\n<option value="27">blog | 分类 | Can delete 分类</option>\\n<option value="31">blog | 评论 | Can add 评论</option>\\n<option value="32">blog | 评论 | Can change 评论</option>\\n<option value="33">blog | 评论 | Can delete 评论</option>\\n<option value="19">blog | 友情链接 | Can add 友情链接</option>\\n<option value="20">blog | 友情链接 | Can change 友情链接</option>\\n<option value="21">blog | 友情链接 | Can delete 友情链接</option>\\n<option value="28">blog | 标签 | Can add 标签</option>\\n<option value="29">blog | 标签 | Can change 标签</option>\\n<option value="30">blog | 标签 | Can delete 标签</option>\\n<option value="22">blog | 用户 | Can add 用户</option>\\n<option value="23">blog | 用户 | Can change 用户</option>\\n<option value="24">blog | 用户 | Can delete 用户</option>\\n<option value="10">contenttypes | content type | Can add content type</option>\\n<option value="11">contenttypes | content type | Can change content type</option>\\n<option value="12">contenttypes | content type | Can delete content type</option>\\n<option value="13">sessions | session | Can add session</option>\\n<option value="14">sessions | session | Can change session</option>\\n<option value="15">sessions | session | Can delete session</option>\\n</select>\', \'model\': <django.utils.functional.lazy.<locals>.__proxy__ object at 0x00000000041CA828>, \'name\': \'user_permissions\', \'url_params\': \'_to_field=id&_popup=1\'}, {\'block\': <Block Node: links. Contents: [<TextNode: \'\\n        \'>, <IfNode>, <TextNode: \'\\n        \'>, <IfNode>, <TextNode: \'\\n        \'>, <IfNode>, <TextNode: \'\\n    \'>]>}]'
2017-04-01 14:24:11,240 [Thread-9:12476] [django.template:929] [base:_resolve_lookup] [DEBUG]- Exception while resolving variable 'can_add_related' in template 'admin/related_widget_wrapper.html'.
Traceback (most recent call last):
  File "C:\Users\Joker\AppData\Local\Programs\Python\Python35\lib\site-packages\django\template\base.py", line 885, in _resolve_lookup
    current = current[bit]
  File "C:\Users\Joker\AppData\Local\Programs\Python\Python35\lib\site-packages\django\template\context.py", line 75, in __getitem__
    raise KeyError(key)
KeyError: 'can_add_related'

During handling of the above exception, another exception occurred:

Traceback (most recent call last):
  File "C:\Users\Joker\AppData\Local\Programs\Python\Python35\lib\site-packages\django\template\base.py", line 891, in _resolve_lookup
    if isinstance(current, BaseContext) and getattr(type(current), bit):
AttributeError: type object 'Context' has no attribute 'can_add_related'

During handling of the above exception, another exception occurred:

Traceback (most recent call last):
  File "C:\Users\Joker\AppData\Local\Programs\Python\Python35\lib\site-packages\django\template\base.py", line 900, in _resolve_lookup
    current = current[int(bit)]
ValueError: invalid literal for int() with base 10: 'can_add_related'

During handling of the above exception, another exception occurred:

Traceback (most recent call last):
  File "C:\Users\Joker\AppData\Local\Programs\Python\Python35\lib\site-packages\django\template\base.py", line 907, in _resolve_lookup
    (bit, current))  # missing attribute
django.template.base.VariableDoesNotExist: Failed lookup for key [can_add_related] in '[{\'True\': True, \'False\': False, \'None\': None}, {\'widget\': \'<select multiple="multiple" id="id_user_permissions" name="user_permissions">\\n<option value="1">admin | log entry | Can add log entry</option>\\n<option value="2">admin | log entry | Can change log entry</option>\\n<option value="3">admin | log entry | Can delete log entry</option>\\n<option value="7">auth | group | Can add group</option>\\n<option value="8">auth | group | Can change group</option>\\n<option value="9">auth | group | Can delete group</option>\\n<option value="4">auth | permission | Can add permission</option>\\n<option value="5">auth | permission | Can change permission</option>\\n<option value="6">auth | permission | Can delete permission</option>\\n<option value="16">blog | 广告 | Can add 广告</option>\\n<option value="17">blog | 广告 | Can change 广告</option>\\n<option value="18">blog | 广告 | Can delete 广告</option>\\n<option value="34">blog | 文章 | Can add 文章</option>\\n<option value="35">blog | 文章 | Can change 文章</option>\\n<option value="36">blog | 文章 | Can delete 文章</option>\\n<option value="25">blog | 分类 | Can add 分类</option>\\n<option value="26">blog | 分类 | Can change 分类</option>\\n<option value="27">blog | 分类 | Can delete 分类</option>\\n<option value="31">blog | 评论 | Can add 评论</option>\\n<option value="32">blog | 评论 | Can change 评论</option>\\n<option value="33">blog | 评论 | Can delete 评论</option>\\n<option value="19">blog | 友情链接 | Can add 友情链接</option>\\n<option value="20">blog | 友情链接 | Can change 友情链接</option>\\n<option value="21">blog | 友情链接 | Can delete 友情链接</option>\\n<option value="28">blog | 标签 | Can add 标签</option>\\n<option value="29">blog | 标签 | Can change 标签</option>\\n<option value="30">blog | 标签 | Can delete 标签</option>\\n<option value="22">blog | 用户 | Can add 用户</option>\\n<option value="23">blog | 用户 | Can change 用户</option>\\n<option value="24">blog | 用户 | Can delete 用户</option>\\n<option value="10">contenttypes | content type | Can add content type</option>\\n<option value="11">contenttypes | content type | Can change content type</option>\\n<option value="12">contenttypes | content type | Can delete content type</option>\\n<option value="13">sessions | session | Can add session</option>\\n<option value="14">sessions | session | Can change session</option>\\n<option value="15">sessions | session | Can delete session</option>\\n</select>\', \'model\': <django.utils.functional.lazy.<locals>.__proxy__ object at 0x00000000041CA828>, \'name\': \'user_permissions\', \'url_params\': \'_to_field=id&_popup=1\'}, {\'block\': <Block Node: links. Contents: [<TextNode: \'\\n        \'>, <IfNode>, <TextNode: \'\\n        \'>, <IfNode>, <TextNode: \'\\n        \'>, <IfNode>, <TextNode: \'\\n    \'>]>}]'
2017-04-01 14:24:11,242 [Thread-9:12476] [django.template:929] [base:_resolve_lookup] [DEBUG]- Exception while resolving variable 'can_delete_related' in template 'admin/related_widget_wrapper.html'.
Traceback (most recent call last):
  File "C:\Users\Joker\AppData\Local\Programs\Python\Python35\lib\site-packages\django\template\base.py", line 885, in _resolve_lookup
    current = current[bit]
  File "C:\Users\Joker\AppData\Local\Programs\Python\Python35\lib\site-packages\django\template\context.py", line 75, in __getitem__
    raise KeyError(key)
KeyError: 'can_delete_related'

During handling of the above exception, another exception occurred:

Traceback (most recent call last):
  File "C:\Users\Joker\AppData\Local\Programs\Python\Python35\lib\site-packages\django\template\base.py", line 891, in _resolve_lookup
    if isinstance(current, BaseContext) and getattr(type(current), bit):
AttributeError: type object 'Context' has no attribute 'can_delete_related'

During handling of the above exception, another exception occurred:

Traceback (most recent call last):
  File "C:\Users\Joker\AppData\Local\Programs\Python\Python35\lib\site-packages\django\template\base.py", line 900, in _resolve_lookup
    current = current[int(bit)]
ValueError: invalid literal for int() with base 10: 'can_delete_related'

During handling of the above exception, another exception occurred:

Traceback (most recent call last):
  File "C:\Users\Joker\AppData\Local\Programs\Python\Python35\lib\site-packages\django\template\base.py", line 907, in _resolve_lookup
    (bit, current))  # missing attribute
django.template.base.VariableDoesNotExist: Failed lookup for key [can_delete_related] in '[{\'True\': True, \'False\': False, \'None\': None}, {\'widget\': \'<select multiple="multiple" id="id_user_permissions" name="user_permissions">\\n<option value="1">admin | log entry | Can add log entry</option>\\n<option value="2">admin | log entry | Can change log entry</option>\\n<option value="3">admin | log entry | Can delete log entry</option>\\n<option value="7">auth | group | Can add group</option>\\n<option value="8">auth | group | Can change group</option>\\n<option value="9">auth | group | Can delete group</option>\\n<option value="4">auth | permission | Can add permission</option>\\n<option value="5">auth | permission | Can change permission</option>\\n<option value="6">auth | permission | Can delete permission</option>\\n<option value="16">blog | 广告 | Can add 广告</option>\\n<option value="17">blog | 广告 | Can change 广告</option>\\n<option value="18">blog | 广告 | Can delete 广告</option>\\n<option value="34">blog | 文章 | Can add 文章</option>\\n<option value="35">blog | 文章 | Can change 文章</option>\\n<option value="36">blog | 文章 | Can delete 文章</option>\\n<option value="25">blog | 分类 | Can add 分类</option>\\n<option value="26">blog | 分类 | Can change 分类</option>\\n<option value="27">blog | 分类 | Can delete 分类</option>\\n<option value="31">blog | 评论 | Can add 评论</option>\\n<option value="32">blog | 评论 | Can change 评论</option>\\n<option value="33">blog | 评论 | Can delete 评论</option>\\n<option value="19">blog | 友情链接 | Can add 友情链接</option>\\n<option value="20">blog | 友情链接 | Can change 友情链接</option>\\n<option value="21">blog | 友情链接 | Can delete 友情链接</option>\\n<option value="28">blog | 标签 | Can add 标签</option>\\n<option value="29">blog | 标签 | Can change 标签</option>\\n<option value="30">blog | 标签 | Can delete 标签</option>\\n<option value="22">blog | 用户 | Can add 用户</option>\\n<option value="23">blog | 用户 | Can change 用户</option>\\n<option value="24">blog | 用户 | Can delete 用户</option>\\n<option value="10">contenttypes | content type | Can add content type</option>\\n<option value="11">contenttypes | content type | Can change content type</option>\\n<option value="12">contenttypes | content type | Can delete content type</option>\\n<option value="13">sessions | session | Can add session</option>\\n<option value="14">sessions | session | Can change session</option>\\n<option value="15">sessions | session | Can delete session</option>\\n</select>\', \'model\': <django.utils.functional.lazy.<locals>.__proxy__ object at 0x00000000041CA828>, \'name\': \'user_permissions\', \'url_params\': \'_to_field=id&_popup=1\'}, {\'block\': <Block Node: links. Contents: [<TextNode: \'\\n        \'>, <IfNode>, <TextNode: \'\\n        \'>, <IfNode>, <TextNode: \'\\n        \'>, <IfNode>, <TextNode: \'\\n    \'>]>}]'
2017-04-01 14:24:11,281 [Thread-9:12476] [django.server:131] [basehttp:log_message] [INFO]- "GET /admin/blog/user/1/change/ HTTP/1.1" 200 15812
2017-04-01 14:24:11,364 [Thread-10:14696] [django.db.backends:90] [utils:execute] [DEBUG]- (0.002) SELECT "django_session"."session_key", "django_session"."session_data", "django_session"."expire_date" FROM "django_session" WHERE ("django_session"."session_key" = 'xqcbzi0hsjc843woz4abl0mth5kkwyog' AND "django_session"."expire_date" > '2017-04-01 06:24:11.345616'); args=('xqcbzi0hsjc843woz4abl0mth5kkwyog', '2017-04-01 06:24:11.345616')
2017-04-01 14:24:11,367 [Thread-10:14696] [django.db.backends:90] [utils:execute] [DEBUG]- (0.000) SELECT "blog_user"."id", "blog_user"."password", "blog_user"."last_login", "blog_user"."is_superuser", "blog_user"."username", "blog_user"."first_name", "blog_user"."last_name", "blog_user"."email", "blog_user"."is_staff", "blog_user"."is_active", "blog_user"."date_joined", "blog_user"."avatar", "blog_user"."qq", "blog_user"."mobile", "blog_user"."url" FROM "blog_user" WHERE "blog_user"."id" = 1; args=(1,)
2017-04-01 14:24:11,375 [Thread-10:14696] [django.server:131] [basehttp:log_message] [INFO]- "GET /admin/jsi18n/ HTTP/1.1" 200 3189
2017-04-01 14:24:20,235 [Thread-14:14368] [django.db.backends:90] [utils:execute] [DEBUG]- (0.001) SELECT "django_session"."session_key", "django_session"."session_data", "django_session"."expire_date" FROM "django_session" WHERE ("django_session"."session_key" = 'xqcbzi0hsjc843woz4abl0mth5kkwyog' AND "django_session"."expire_date" > '2017-04-01 06:24:20.230124'); args=('xqcbzi0hsjc843woz4abl0mth5kkwyog', '2017-04-01 06:24:20.230124')
2017-04-01 14:24:20,237 [Thread-14:14368] [django.db.backends:90] [utils:execute] [DEBUG]- (0.000) SELECT "blog_user"."id", "blog_user"."password", "blog_user"."last_login", "blog_user"."is_superuser", "blog_user"."username", "blog_user"."first_name", "blog_user"."last_name", "blog_user"."email", "blog_user"."is_staff", "blog_user"."is_active", "blog_user"."date_joined", "blog_user"."avatar", "blog_user"."qq", "blog_user"."mobile", "blog_user"."url" FROM "blog_user" WHERE "blog_user"."id" = 1; args=(1,)
2017-04-01 14:24:20,238 [Thread-14:14368] [django.db.backends:90] [utils:execute] [DEBUG]- (0.000) BEGIN; args=None
2017-04-01 14:24:20,239 [Thread-14:14368] [django.db.backends:90] [utils:execute] [DEBUG]- (0.000) SELECT "blog_user"."id", "blog_user"."password", "blog_user"."last_login", "blog_user"."is_superuser", "blog_user"."username", "blog_user"."first_name", "blog_user"."last_name", "blog_user"."email", "blog_user"."is_staff", "blog_user"."is_active", "blog_user"."date_joined", "blog_user"."avatar", "blog_user"."qq", "blog_user"."mobile", "blog_user"."url" FROM "blog_user" WHERE "blog_user"."id" = 1; args=(1,)
2017-04-01 14:24:21,545 [Thread-14:14368] [django.db.backends:90] [utils:execute] [DEBUG]- (0.000) SELECT (1) AS "a" FROM "blog_user" WHERE ("blog_user"."username" = 'admin' AND NOT ("blog_user"."id" = 1)) LIMIT 1; args=('admin', 1)
2017-04-01 14:24:21,546 [Thread-14:14368] [django.db.backends:90] [utils:execute] [DEBUG]- (0.000) SELECT (1) AS "a" FROM "blog_user" WHERE ("blog_user"."mobile" = '' AND NOT ("blog_user"."id" = 1)) LIMIT 1; args=('', 1)
2017-04-01 14:24:21,568 [Thread-14:14368] [django.db.backends:90] [utils:execute] [DEBUG]- (0.005) UPDATE "blog_user" SET "password" = 'pbkdf2_sha256$30000$MVoB9TBVRLfi$ZCrI3CJA7vL26Tu0D2cKN+ipRkQB5XWI4VjaAGOqtq8=', "last_login" = '2017-04-01 05:54:11', "is_superuser" = 1, "username" = 'admin', "first_name" = '', "last_name" = '', "email" = 'ad@com.com', "is_staff" = 1, "is_active" = 1, "date_joined" = '2017-04-01 05:53:59', "avatar" = 'avatar/2017/04/psb.png', "qq" = '', "mobile" = '', "url" = '' WHERE "blog_user"."id" = 1; args=('pbkdf2_sha256$30000$MVoB9TBVRLfi$ZCrI3CJA7vL26Tu0D2cKN+ipRkQB5XWI4VjaAGOqtq8=', '2017-04-01 05:54:11', True, 'admin', '', '', 'ad@com.com', True, True, '2017-04-01 05:53:59', 'avatar/2017/04/psb.png', '', '', '', 1)
2017-04-01 14:24:21,571 [Thread-14:14368] [django.db.backends:90] [utils:execute] [DEBUG]- (0.000) SELECT "auth_group"."id" FROM "auth_group" INNER JOIN "blog_user_groups" ON ("auth_group"."id" = "blog_user_groups"."group_id") WHERE "blog_user_groups"."user_id" = 1; args=(1,)
2017-04-01 14:24:21,575 [Thread-14:14368] [django.db.backends:90] [utils:execute] [DEBUG]- (0.000) SELECT "auth_permission"."id" FROM "auth_permission" INNER JOIN "blog_user_user_permissions" ON ("auth_permission"."id" = "blog_user_user_permissions"."permission_id") INNER JOIN "django_content_type" ON ("auth_permission"."content_type_id" = "django_content_type"."id") WHERE "blog_user_user_permissions"."user_id" = 1 ORDER BY "django_content_type"."app_label" ASC, "django_content_type"."model" ASC, "auth_permission"."codename" ASC; args=(1,)
2017-04-01 14:24:21,576 [Thread-14:14368] [django.db.backends:90] [utils:execute] [DEBUG]- (0.000) SELECT "auth_group"."id", "auth_group"."name" FROM "auth_group" INNER JOIN "blog_user_groups" ON ("auth_group"."id" = "blog_user_groups"."group_id") WHERE "blog_user_groups"."user_id" = 1; args=(1,)
2017-04-01 14:24:21,578 [Thread-14:14368] [django.db.backends:90] [utils:execute] [DEBUG]- (0.000) SELECT "auth_permission"."id", "auth_permission"."name", "auth_permission"."content_type_id", "auth_permission"."codename" FROM "auth_permission" INNER JOIN "blog_user_user_permissions" ON ("auth_permission"."id" = "blog_user_user_permissions"."permission_id") INNER JOIN "django_content_type" ON ("auth_permission"."content_type_id" = "django_content_type"."id") WHERE "blog_user_user_permissions"."user_id" = 1 ORDER BY "django_content_type"."app_label" ASC, "django_content_type"."model" ASC, "auth_permission"."codename" ASC; args=(1,)
2017-04-01 14:24:21,585 [Thread-14:14368] [django.db.backends:90] [utils:execute] [DEBUG]- (0.000) INSERT INTO "django_admin_log" ("action_time", "user_id", "content_type_id", "object_id", "object_repr", "action_flag", "change_message") VALUES ('2017-04-01 06:24:21.583202', 1, 8, '1', 'admin', 2, '[{"changed": {"fields": ["avatar"]}}]'); args=['2017-04-01 06:24:21.583202', 1, 8, '1', 'admin', 2, '[{"changed": {"fields": ["avatar"]}}]']
2017-04-01 14:24:21,783 [Thread-14:14368] [django.server:131] [basehttp:log_message] [INFO]- "POST /admin/blog/user/1/change/ HTTP/1.1" 302 0
2017-04-01 14:24:21,792 [Thread-15:15564] [django.db.backends:90] [utils:execute] [DEBUG]- (0.001) SELECT "django_session"."session_key", "django_session"."session_data", "django_session"."expire_date" FROM "django_session" WHERE ("django_session"."session_key" = 'xqcbzi0hsjc843woz4abl0mth5kkwyog' AND "django_session"."expire_date" > '2017-04-01 06:24:21.788213'); args=('xqcbzi0hsjc843woz4abl0mth5kkwyog', '2017-04-01 06:24:21.788213')
2017-04-01 14:24:21,794 [Thread-15:15564] [django.db.backends:90] [utils:execute] [DEBUG]- (0.000) SELECT "blog_user"."id", "blog_user"."password", "blog_user"."last_login", "blog_user"."is_superuser", "blog_user"."username", "blog_user"."first_name", "blog_user"."last_name", "blog_user"."email", "blog_user"."is_staff", "blog_user"."is_active", "blog_user"."date_joined", "blog_user"."avatar", "blog_user"."qq", "blog_user"."mobile", "blog_user"."url" FROM "blog_user" WHERE "blog_user"."id" = 1; args=(1,)
2017-04-01 14:24:21,795 [Thread-15:15564] [django.db.backends:90] [utils:execute] [DEBUG]- (0.000) SELECT COUNT(*) AS "__count" FROM "blog_user"; args=()
2017-04-01 14:24:21,796 [Thread-15:15564] [django.db.backends:90] [utils:execute] [DEBUG]- (0.000) SELECT COUNT(*) AS "__count" FROM "blog_user"; args=()
2017-04-01 14:24:21,800 [Thread-15:15564] [django.db.backends:90] [utils:execute] [DEBUG]- (0.001) SELECT "blog_user"."id", "blog_user"."password", "blog_user"."last_login", "blog_user"."is_superuser", "blog_user"."username", "blog_user"."first_name", "blog_user"."last_name", "blog_user"."email", "blog_user"."is_staff", "blog_user"."is_active", "blog_user"."date_joined", "blog_user"."avatar", "blog_user"."qq", "blog_user"."mobile", "blog_user"."url" FROM "blog_user" ORDER BY "blog_user"."id" DESC; args=()
2017-04-01 14:24:21,811 [Thread-15:15564] [django.db.backends:90] [utils:execute] [DEBUG]- (0.000) SELECT "blog_article"."date_publish" FROM "blog_article" ORDER BY "blog_article"."date_publish" DESC; args=()
2017-04-01 14:24:21,812 [Thread-15:15564] [django.db.backends:90] [utils:execute] [DEBUG]- (0.000) 
			select article_id from blog_comment 
			group by article_id 
			order by count(article_id) 
			desc
		; args=None
2017-04-01 14:24:21,823 [Thread-15:15564] [django.template:929] [base:_resolve_lookup] [DEBUG]- Exception while resolving variable 'errors' in template 'admin/change_list.html'.
Traceback (most recent call last):
  File "C:\Users\Joker\AppData\Local\Programs\Python\Python35\lib\site-packages\django\template\base.py", line 885, in _resolve_lookup
    current = current[bit]
TypeError: 'NoneType' object is not subscriptable

During handling of the above exception, another exception occurred:

Traceback (most recent call last):
  File "C:\Users\Joker\AppData\Local\Programs\Python\Python35\lib\site-packages\django\template\base.py", line 893, in _resolve_lookup
    current = getattr(current, bit)
AttributeError: 'NoneType' object has no attribute 'errors'

During handling of the above exception, another exception occurred:

Traceback (most recent call last):
  File "C:\Users\Joker\AppData\Local\Programs\Python\Python35\lib\site-packages\django\template\base.py", line 900, in _resolve_lookup
    current = current[int(bit)]
ValueError: invalid literal for int() with base 10: 'errors'

During handling of the above exception, another exception occurred:

Traceback (most recent call last):
  File "C:\Users\Joker\AppData\Local\Programs\Python\Python35\lib\site-packages\django\template\base.py", line 907, in _resolve_lookup
    (bit, current))  # missing attribute
django.template.base.VariableDoesNotExist: Failed lookup for key [errors] in 'None'
2017-04-01 14:24:21,828 [Thread-15:15564] [django.template:929] [base:_resolve_lookup] [DEBUG]- Exception while resolving variable 'show' in template 'admin/change_list.html'.
Traceback (most recent call last):
  File "C:\Users\Joker\AppData\Local\Programs\Python\Python35\lib\site-packages\django\template\base.py", line 885, in _resolve_lookup
    current = current[bit]
  File "C:\Users\Joker\AppData\Local\Programs\Python\Python35\lib\site-packages\django\template\context.py", line 75, in __getitem__
    raise KeyError(key)
KeyError: 'show'

During handling of the above exception, another exception occurred:

Traceback (most recent call last):
  File "C:\Users\Joker\AppData\Local\Programs\Python\Python35\lib\site-packages\django\template\base.py", line 891, in _resolve_lookup
    if isinstance(current, BaseContext) and getattr(type(current), bit):
AttributeError: type object 'RequestContext' has no attribute 'show'

During handling of the above exception, another exception occurred:

Traceback (most recent call last):
  File "C:\Users\Joker\AppData\Local\Programs\Python\Python35\lib\site-packages\django\template\base.py", line 900, in _resolve_lookup
    current = current[int(bit)]
ValueError: invalid literal for int() with base 10: 'show'

During handling of the above exception, another exception occurred:

Traceback (most recent call last):
  File "C:\Users\Joker\AppData\Local\Programs\Python\Python35\lib\site-packages\django\template\base.py", line 907, in _resolve_lookup
    (bit, current))  # missing attribute
django.template.base.VariableDoesNotExist: Failed lookup for key [show] in "[{'True': True, 'False': False, 'None': None, 'csrf_token': <SimpleLazyObject: <function csrf.<locals>._get_val at 0x0000000004C4D730>>}]"
2017-04-01 14:24:21,829 [Thread-15:15564] [django.template:929] [base:_resolve_lookup] [DEBUG]- Exception while resolving variable 'is_multipart' in template 'admin/change_list.html'.
Traceback (most recent call last):
  File "C:\Users\Joker\AppData\Local\Programs\Python\Python35\lib\site-packages\django\template\base.py", line 885, in _resolve_lookup
    current = current[bit]
TypeError: 'NoneType' object is not subscriptable

During handling of the above exception, another exception occurred:

Traceback (most recent call last):
  File "C:\Users\Joker\AppData\Local\Programs\Python\Python35\lib\site-packages\django\template\base.py", line 893, in _resolve_lookup
    current = getattr(current, bit)
AttributeError: 'NoneType' object has no attribute 'is_multipart'

During handling of the above exception, another exception occurred:

Traceback (most recent call last):
  File "C:\Users\Joker\AppData\Local\Programs\Python\Python35\lib\site-packages\django\template\base.py", line 900, in _resolve_lookup
    current = current[int(bit)]
ValueError: invalid literal for int() with base 10: 'is_multipart'

During handling of the above exception, another exception occurred:

Traceback (most recent call last):
  File "C:\Users\Joker\AppData\Local\Programs\Python\Python35\lib\site-packages\django\template\base.py", line 907, in _resolve_lookup
    (bit, current))  # missing attribute
django.template.base.VariableDoesNotExist: Failed lookup for key [is_multipart] in 'None'
2017-04-01 14:24:21,842 [Thread-15:15564] [django.template:929] [base:_resolve_lookup] [DEBUG]- Exception while resolving variable 'non_field_errors' in template 'admin/change_list.html'.
Traceback (most recent call last):
  File "C:\Users\Joker\AppData\Local\Programs\Python\Python35\lib\site-packages\django\template\base.py", line 885, in _resolve_lookup
    current = current[bit]
TypeError: 'NoneType' object is not subscriptable

During handling of the above exception, another exception occurred:

Traceback (most recent call last):
  File "C:\Users\Joker\AppData\Local\Programs\Python\Python35\lib\site-packages\django\template\base.py", line 893, in _resolve_lookup
    current = getattr(current, bit)
AttributeError: 'NoneType' object has no attribute 'non_field_errors'

During handling of the above exception, another exception occurred:

Traceback (most recent call last):
  File "C:\Users\Joker\AppData\Local\Programs\Python\Python35\lib\site-packages\django\template\base.py", line 900, in _resolve_lookup
    current = current[int(bit)]
ValueError: invalid literal for int() with base 10: 'non_field_errors'

During handling of the above exception, another exception occurred:

Traceback (most recent call last):
  File "C:\Users\Joker\AppData\Local\Programs\Python\Python35\lib\site-packages\django\template\base.py", line 907, in _resolve_lookup
    (bit, current))  # missing attribute
django.template.base.VariableDoesNotExist: Failed lookup for key [non_field_errors] in 'None'
2017-04-01 14:24:21,847 [Thread-15:15564] [django.server:131] [basehttp:log_message] [INFO]- "GET /admin/blog/user/ HTTP/1.1" 200 4338
2017-04-01 14:24:22,187 [Thread-16:8796] [django.db.backends:90] [utils:execute] [DEBUG]- (0.001) SELECT "django_session"."session_key", "django_session"."session_data", "django_session"."expire_date" FROM "django_session" WHERE ("django_session"."session_key" = 'xqcbzi0hsjc843woz4abl0mth5kkwyog' AND "django_session"."expire_date" > '2017-04-01 06:24:22.182236'); args=('xqcbzi0hsjc843woz4abl0mth5kkwyog', '2017-04-01 06:24:22.182236')
2017-04-01 14:24:22,189 [Thread-16:8796] [django.db.backends:90] [utils:execute] [DEBUG]- (0.001) SELECT "blog_user"."id", "blog_user"."password", "blog_user"."last_login", "blog_user"."is_superuser", "blog_user"."username", "blog_user"."first_name", "blog_user"."last_name", "blog_user"."email", "blog_user"."is_staff", "blog_user"."is_active", "blog_user"."date_joined", "blog_user"."avatar", "blog_user"."qq", "blog_user"."mobile", "blog_user"."url" FROM "blog_user" WHERE "blog_user"."id" = 1; args=(1,)
2017-04-01 14:24:22,195 [Thread-16:8796] [django.server:131] [basehttp:log_message] [INFO]- "GET /admin/jsi18n/ HTTP/1.1" 200 3189
2017-04-01 14:24:22,440 [Thread-17:15448] [django.server:131] [basehttp:log_message] [INFO]- "GET /static/admin/img/icon-yes.svg HTTP/1.1" 304 0
2017-04-01 15:05:12,962 [Dummy-1:1960] [django.db.backends:90] [utils:execute] [DEBUG]- (0.001) 
            SELECT name, type FROM sqlite_master
            WHERE type in ('table', 'view') AND NOT name='sqlite_sequence'
            ORDER BY name; args=None
2017-04-01 15:05:12,966 [Dummy-1:1960] [django.db.backends:90] [utils:execute] [DEBUG]- (0.000) SELECT "django_migrations"."app", "django_migrations"."name" FROM "django_migrations"; args=()
2017-04-01 15:22:47,315 [Thread-2:9696] [django.db.backends:90] [utils:execute] [DEBUG]- (0.001) SELECT COUNT(*) AS "__count" FROM "blog_article"; args=()
2017-04-01 15:22:47,334 [Thread-2:9696] [django.db.backends:90] [utils:execute] [DEBUG]- (0.000) SELECT "blog_article"."date_publish" FROM "blog_article" ORDER BY "blog_article"."date_publish" DESC; args=()
2017-04-01 15:22:47,337 [Thread-2:9696] [django.db.backends:90] [utils:execute] [DEBUG]- (0.000) 
			select article_id from blog_comment 
			group by article_id 
			order by count(article_id) 
			desc
		; args=None
2017-04-01 15:22:47,353 [Thread-2:9696] [django.db.backends:90] [utils:execute] [DEBUG]- (0.000) SELECT "blog_category"."id", "blog_category"."name", "blog_category"."index" FROM "blog_category" ORDER BY "blog_category"."index" ASC, "blog_category"."id" ASC; args=()
2017-04-01 15:22:47,357 [Thread-2:9696] [django.db.backends:90] [utils:execute] [DEBUG]- (0.000) SELECT "blog_ad"."id", "blog_ad"."title", "blog_ad"."description", "blog_ad"."image_url", "blog_ad"."callback_url", "blog_ad"."date_publish", "blog_ad"."index" FROM "blog_ad" ORDER BY "blog_ad"."index" ASC, "blog_ad"."id" ASC LIMIT 5; args=()
2017-04-01 15:22:47,374 [Thread-2:9696] [django.db.backends:90] [utils:execute] [DEBUG]- (0.000) SELECT "blog_article"."id", "blog_article"."title", "blog_article"."desc", "blog_article"."content", "blog_article"."click_count", "blog_article"."is_recommend", "blog_article"."date_publish", "blog_article"."user_id", "blog_article"."category_id" FROM "blog_article" ORDER BY "blog_article"."click_count" ASC LIMIT 6; args=()
2017-04-01 15:22:47,378 [Thread-2:9696] [django.db.backends:90] [utils:execute] [DEBUG]- (0.000) SELECT "blog_article"."id", "blog_article"."title", "blog_article"."desc", "blog_article"."content", "blog_article"."click_count", "blog_article"."is_recommend", "blog_article"."date_publish", "blog_article"."user_id", "blog_article"."category_id" FROM "blog_article" WHERE "blog_article"."is_recommend" = 1 ORDER BY "blog_article"."date_publish" DESC; args=(True,)
2017-04-01 15:22:47,381 [Thread-2:9696] [django.db.backends:90] [utils:execute] [DEBUG]- (0.000) SELECT "blog_tag"."id", "blog_tag"."name" FROM "blog_tag" ORDER BY "blog_tag"."id" ASC; args=()
2017-04-01 15:22:47,386 [Thread-2:9696] [django.db.backends:90] [utils:execute] [DEBUG]- (0.001) SELECT "blog_links"."id", "blog_links"."title", "blog_links"."description", "blog_links"."callback_url", "blog_links"."date_publish", "blog_links"."index" FROM "blog_links" ORDER BY "blog_links"."index" ASC, "blog_links"."id" ASC; args=()
2017-04-01 15:22:47,391 [Thread-2:9696] [django.server:131] [basehttp:log_message] [INFO]- "GET / HTTP/1.1" 200 4167
2017-04-01 15:22:47,561 [Thread-3:11476] [django.template:929] [base:_resolve_lookup] [DEBUG]- Exception while resolving variable 'name' in template 'unknown'.
Traceback (most recent call last):
  File "C:\Users\Joker\AppData\Local\Programs\Python\Python35\lib\site-packages\django\core\handlers\exception.py", line 42, in inner
    response = get_response(request)
  File "C:\Users\Joker\AppData\Local\Programs\Python\Python35\lib\site-packages\django\core\handlers\base.py", line 249, in _legacy_get_response
    response = self._get_response(request)
  File "C:\Users\Joker\AppData\Local\Programs\Python\Python35\lib\site-packages\django\core\handlers\base.py", line 172, in _get_response
    resolver_match = resolver.resolve(request.path_info)
  File "C:\Users\Joker\AppData\Local\Programs\Python\Python35\lib\site-packages\django\urls\resolvers.py", line 300, in resolve
    raise Resolver404({'tried': tried, 'path': new_path})
django.urls.exceptions.Resolver404: {'tried': [[<RegexURLResolver <RegexURLPattern list> (admin:admin) ^admin/>], [<RegexURLPattern None ^uploads/(?P<path>.*)$>], [<RegexURLPattern upload_image ^admin/upload/(?P<dir_name>[^/]+)$>], [<RegexURLResolver <module 'blog.urls' from 'C:\\Users\\Joker\\PycharmProjects\\blog_project\\blog\\urls.py'> (None:None) ^>, <RegexURLPattern index ^$>], [<RegexURLResolver <module 'blog.urls' from 'C:\\Users\\Joker\\PycharmProjects\\blog_project\\blog\\urls.py'> (None:None) ^>, <RegexURLPattern archive ^archive/>], [<RegexURLResolver <module 'blog.urls' from 'C:\\Users\\Joker\\PycharmProjects\\blog_project\\blog\\urls.py'> (None:None) ^>, <RegexURLPattern article ^article/$>], [<RegexURLResolver <module 'blog.urls' from 'C:\\Users\\Joker\\PycharmProjects\\blog_project\\blog\\urls.py'> (None:None) ^>, <RegexURLPattern comment_post ^comment/post/$>], [<RegexURLResolver <module 'blog.urls' from 'C:\\Users\\Joker\\PycharmProjects\\blog_project\\blog\\urls.py'> (None:None) ^>, <RegexURLPattern tag ^tag/>], [<RegexURLResolver <module 'blog.urls' from 'C:\\Users\\Joker\\PycharmProjects\\blog_project\\blog\\urls.py'> (None:None) ^>, <RegexURLPattern category ^category/$>], [<RegexURLResolver <module 'blog.urls' from 'C:\\Users\\Joker\\PycharmProjects\\blog_project\\blog\\urls.py'> (None:None) ^>, <RegexURLPattern logout ^logout$>], [<RegexURLResolver <module 'blog.urls' from 'C:\\Users\\Joker\\PycharmProjects\\blog_project\\blog\\urls.py'> (None:None) ^>, <RegexURLPattern login ^login$>], [<RegexURLResolver <module 'blog.urls' from 'C:\\Users\\Joker\\PycharmProjects\\blog_project\\blog\\urls.py'> (None:None) ^>, <RegexURLPattern reg ^reg$>]], 'path': 'js/nav.js'}

During handling of the above exception, another exception occurred:

Traceback (most recent call last):
  File "C:\Users\Joker\AppData\Local\Programs\Python\Python35\lib\site-packages\django\template\base.py", line 885, in _resolve_lookup
    current = current[bit]
TypeError: 'RegexURLResolver' object is not subscriptable

During handling of the above exception, another exception occurred:

Traceback (most recent call last):
  File "C:\Users\Joker\AppData\Local\Programs\Python\Python35\lib\site-packages\django\template\base.py", line 893, in _resolve_lookup
    current = getattr(current, bit)
AttributeError: 'RegexURLResolver' object has no attribute 'name'

During handling of the above exception, another exception occurred:

Traceback (most recent call last):
  File "C:\Users\Joker\AppData\Local\Programs\Python\Python35\lib\site-packages\django\template\base.py", line 900, in _resolve_lookup
    current = current[int(bit)]
ValueError: invalid literal for int() with base 10: 'name'

During handling of the above exception, another exception occurred:

Traceback (most recent call last):
  File "C:\Users\Joker\AppData\Local\Programs\Python\Python35\lib\site-packages\django\template\base.py", line 907, in _resolve_lookup
    (bit, current))  # missing attribute
django.template.base.VariableDoesNotExist: Failed lookup for key [name] in '<RegexURLResolver <RegexURLPattern list> (admin:admin) ^admin/>'
2017-04-01 15:22:47,572 [Thread-3:11476] [django.server:131] [basehttp:log_message] [WARNING]- "GET /js/nav.js HTTP/1.1" 404 3766
2017-04-01 15:22:50,967 [Thread-4:6736] [django.db.backends:90] [utils:execute] [DEBUG]- (0.001) SELECT COUNT(*) AS "__count" FROM "blog_article"; args=()
2017-04-01 15:22:50,971 [Thread-4:6736] [django.db.backends:90] [utils:execute] [DEBUG]- (0.000) SELECT "blog_article"."date_publish" FROM "blog_article" ORDER BY "blog_article"."date_publish" DESC; args=()
2017-04-01 15:22:50,973 [Thread-4:6736] [django.db.backends:90] [utils:execute] [DEBUG]- (0.001) 
			select article_id from blog_comment 
			group by article_id 
			order by count(article_id) 
			desc
		; args=None
2017-04-01 15:22:50,987 [Thread-4:6736] [django.db.backends:90] [utils:execute] [DEBUG]- (0.000) SELECT "blog_category"."id", "blog_category"."name", "blog_category"."index" FROM "blog_category" ORDER BY "blog_category"."index" ASC, "blog_category"."id" ASC; args=()
2017-04-01 15:22:50,990 [Thread-4:6736] [django.db.backends:90] [utils:execute] [DEBUG]- (0.000) SELECT "blog_ad"."id", "blog_ad"."title", "blog_ad"."description", "blog_ad"."image_url", "blog_ad"."callback_url", "blog_ad"."date_publish", "blog_ad"."index" FROM "blog_ad" ORDER BY "blog_ad"."index" ASC, "blog_ad"."id" ASC LIMIT 5; args=()
2017-04-01 15:22:51,018 [Thread-4:6736] [django.db.backends:90] [utils:execute] [DEBUG]- (0.001) SELECT "blog_article"."id", "blog_article"."title", "blog_article"."desc", "blog_article"."content", "blog_article"."click_count", "blog_article"."is_recommend", "blog_article"."date_publish", "blog_article"."user_id", "blog_article"."category_id" FROM "blog_article" ORDER BY "blog_article"."click_count" ASC LIMIT 6; args=()
2017-04-01 15:22:51,019 [Thread-4:6736] [django.db.backends:90] [utils:execute] [DEBUG]- (0.000) SELECT "blog_article"."id", "blog_article"."title", "blog_article"."desc", "blog_article"."content", "blog_article"."click_count", "blog_article"."is_recommend", "blog_article"."date_publish", "blog_article"."user_id", "blog_article"."category_id" FROM "blog_article" WHERE "blog_article"."is_recommend" = 1 ORDER BY "blog_article"."date_publish" DESC; args=(True,)
2017-04-01 15:22:51,020 [Thread-4:6736] [django.db.backends:90] [utils:execute] [DEBUG]- (0.000) SELECT "blog_tag"."id", "blog_tag"."name" FROM "blog_tag" ORDER BY "blog_tag"."id" ASC; args=()
2017-04-01 15:22:51,022 [Thread-4:6736] [django.db.backends:90] [utils:execute] [DEBUG]- (0.001) SELECT "blog_links"."id", "blog_links"."title", "blog_links"."description", "blog_links"."callback_url", "blog_links"."date_publish", "blog_links"."index" FROM "blog_links" ORDER BY "blog_links"."index" ASC, "blog_links"."id" ASC; args=()
2017-04-01 15:22:51,023 [Thread-4:6736] [django.server:131] [basehttp:log_message] [INFO]- "GET / HTTP/1.1" 200 4167
2017-04-01 15:22:51,364 [Thread-5:3652] [django.template:929] [base:_resolve_lookup] [DEBUG]- Exception while resolving variable 'name' in template 'unknown'.
Traceback (most recent call last):
  File "C:\Users\Joker\AppData\Local\Programs\Python\Python35\lib\site-packages\django\core\handlers\exception.py", line 42, in inner
    response = get_response(request)
  File "C:\Users\Joker\AppData\Local\Programs\Python\Python35\lib\site-packages\django\core\handlers\base.py", line 249, in _legacy_get_response
    response = self._get_response(request)
  File "C:\Users\Joker\AppData\Local\Programs\Python\Python35\lib\site-packages\django\core\handlers\base.py", line 172, in _get_response
    resolver_match = resolver.resolve(request.path_info)
  File "C:\Users\Joker\AppData\Local\Programs\Python\Python35\lib\site-packages\django\urls\resolvers.py", line 300, in resolve
    raise Resolver404({'tried': tried, 'path': new_path})
django.urls.exceptions.Resolver404: {'tried': [[<RegexURLResolver <RegexURLPattern list> (admin:admin) ^admin/>], [<RegexURLPattern None ^uploads/(?P<path>.*)$>], [<RegexURLPattern upload_image ^admin/upload/(?P<dir_name>[^/]+)$>], [<RegexURLResolver <module 'blog.urls' from 'C:\\Users\\Joker\\PycharmProjects\\blog_project\\blog\\urls.py'> (None:None) ^>, <RegexURLPattern index ^$>], [<RegexURLResolver <module 'blog.urls' from 'C:\\Users\\Joker\\PycharmProjects\\blog_project\\blog\\urls.py'> (None:None) ^>, <RegexURLPattern archive ^archive/>], [<RegexURLResolver <module 'blog.urls' from 'C:\\Users\\Joker\\PycharmProjects\\blog_project\\blog\\urls.py'> (None:None) ^>, <RegexURLPattern article ^article/$>], [<RegexURLResolver <module 'blog.urls' from 'C:\\Users\\Joker\\PycharmProjects\\blog_project\\blog\\urls.py'> (None:None) ^>, <RegexURLPattern comment_post ^comment/post/$>], [<RegexURLResolver <module 'blog.urls' from 'C:\\Users\\Joker\\PycharmProjects\\blog_project\\blog\\urls.py'> (None:None) ^>, <RegexURLPattern tag ^tag/>], [<RegexURLResolver <module 'blog.urls' from 'C:\\Users\\Joker\\PycharmProjects\\blog_project\\blog\\urls.py'> (None:None) ^>, <RegexURLPattern category ^category/$>], [<RegexURLResolver <module 'blog.urls' from 'C:\\Users\\Joker\\PycharmProjects\\blog_project\\blog\\urls.py'> (None:None) ^>, <RegexURLPattern logout ^logout$>], [<RegexURLResolver <module 'blog.urls' from 'C:\\Users\\Joker\\PycharmProjects\\blog_project\\blog\\urls.py'> (None:None) ^>, <RegexURLPattern login ^login$>], [<RegexURLResolver <module 'blog.urls' from 'C:\\Users\\Joker\\PycharmProjects\\blog_project\\blog\\urls.py'> (None:None) ^>, <RegexURLPattern reg ^reg$>]], 'path': 'js/nav.js'}

During handling of the above exception, another exception occurred:

Traceback (most recent call last):
  File "C:\Users\Joker\AppData\Local\Programs\Python\Python35\lib\site-packages\django\template\base.py", line 885, in _resolve_lookup
    current = current[bit]
TypeError: 'RegexURLResolver' object is not subscriptable

During handling of the above exception, another exception occurred:

Traceback (most recent call last):
  File "C:\Users\Joker\AppData\Local\Programs\Python\Python35\lib\site-packages\django\template\base.py", line 893, in _resolve_lookup
    current = getattr(current, bit)
AttributeError: 'RegexURLResolver' object has no attribute 'name'

During handling of the above exception, another exception occurred:

Traceback (most recent call last):
  File "C:\Users\Joker\AppData\Local\Programs\Python\Python35\lib\site-packages\django\template\base.py", line 900, in _resolve_lookup
    current = current[int(bit)]
ValueError: invalid literal for int() with base 10: 'name'

During handling of the above exception, another exception occurred:

Traceback (most recent call last):
  File "C:\Users\Joker\AppData\Local\Programs\Python\Python35\lib\site-packages\django\template\base.py", line 907, in _resolve_lookup
    (bit, current))  # missing attribute
django.template.base.VariableDoesNotExist: Failed lookup for key [name] in '<RegexURLResolver <RegexURLPattern list> (admin:admin) ^admin/>'
2017-04-01 15:22:51,369 [Thread-5:3652] [django.server:131] [basehttp:log_message] [WARNING]- "GET /js/nav.js HTTP/1.1" 404 3766
